This file contains any messages produced by compilers while
running configure, to aid debugging if configure makes a mistake.

It was created by configure, which was
generated by GNU Autoconf 2.61.  Invocation command line was

  $ ./configure --enable-extra-encodings

## --------- ##
## Platform. ##
## --------- ##

hostname = vectra.akaneiro.jp
uname -m = i686
uname -r = 2.4.20-46.9.legacy
uname -s = Linux
uname -v = #1 Thu Mar 2 16:11:28 EST 2006

/usr/bin/uname -p = unknown
/bin/uname -X     = unknown

/bin/arch              = i686
/usr/bin/arch -k       = unknown
/usr/convex/getsysinfo = unknown
/usr/bin/hostinfo      = unknown
/bin/machine           = unknown
/usr/bin/oslevel       = unknown
/bin/universe          = unknown

PATH: /usr/kerberos/sbin
PATH: /usr/local/sbin
PATH: /usr/sbin
PATH: /sbin
PATH: /usr/kerberos/bin
PATH: /usr/local/bin
PATH: /bin
PATH: /usr/bin
PATH: /usr/X11R6/bin
PATH: /home/teranisi/bin
PATH: /usr/java/j2sdk1.4.2_18/bin


## ----------- ##
## Core tests. ##
## ----------- ##

configure:2160: checking for a BSD-compatible install
configure:2216: result: /usr/bin/install -c
configure:2227: checking whether build environment is sane
configure:2270: result: yes
configure:2298: checking for a thread-safe mkdir -p
configure:2337: result: /bin/mkdir -p
configure:2350: checking for gawk
configure:2366: found /bin/gawk
configure:2377: result: gawk
configure:2388: checking whether make sets $(MAKE)
configure:2409: result: yes
configure:2599: checking whether make sets $(MAKE)
configure:2620: result: yes
configure:2679: checking for gcc
configure:2695: found /usr/bin/gcc
configure:2706: result: gcc
configure:2944: checking for C compiler version
configure:2951: gcc --version >&5
gcc (GCC) 3.2.2 20030222 (Red Hat Linux 3.2.2-5)
Copyright (C) 2002 Free Software Foundation, Inc.
This is free software; see the source for copying conditions.  There is NO
warranty; not even for MERCHANTABILITY or FITNESS FOR A PARTICULAR PURPOSE.

configure:2954: $? = 0
configure:2961: gcc -v >&5
Reading specs from /usr/lib/gcc-lib/i386-redhat-linux/3.2.2/specs
Configured with: ../configure --prefix=/usr --mandir=/usr/share/man --infodir=/usr/share/info --enable-shared --enable-threads=posix --disable-checking --with-system-zlib --enable-__cxa_atexit --host=i386-redhat-linux
Thread model: posix
gcc version 3.2.2 20030222 (Red Hat Linux 3.2.2-5)
configure:2964: $? = 0
configure:2971: gcc -V >&5
gcc: argument to `-V' is missing
configure:2974: $? = 1
configure:2997: checking for C compiler default output file name
configure:3024: gcc    conftest.c  >&5
configure:3027: $? = 0
configure:3065: result: a.out
configure:3082: checking whether the C compiler works
configure:3092: ./a.out
configure:3095: $? = 0
configure:3112: result: yes
configure:3119: checking whether we are cross compiling
configure:3121: result: no
configure:3124: checking for suffix of executables
configure:3131: gcc -o conftest    conftest.c  >&5
configure:3134: $? = 0
configure:3158: result: 
configure:3164: checking for suffix of object files
configure:3190: gcc -c   conftest.c >&5
configure:3193: $? = 0
configure:3216: result: o
configure:3220: checking whether we are using the GNU C compiler
configure:3249: gcc -c   conftest.c >&5
configure:3255: $? = 0
configure:3272: result: yes
configure:3277: checking whether gcc accepts -g
configure:3307: gcc -c -g  conftest.c >&5
configure:3313: $? = 0
configure:3412: result: yes
configure:3429: checking for gcc option to accept ISO C89
configure:3503: gcc  -c -g -O2  conftest.c >&5
configure:3509: $? = 0
configure:3532: result: none needed
configure:3561: checking for style of include used by make
configure:3589: result: GNU
configure:3614: checking dependency style of gcc
configure:3705: result: none
configure:3725: checking how to run the C preprocessor
configure:3765: gcc -E  conftest.c
configure:3771: $? = 0
configure:3802: gcc -E  conftest.c
conftest.c:10:28: ac_nonexistent.h: No such file or directory
configure:3808: $? = 1
configure: failed program was:
| /* confdefs.h.  */
| #define PACKAGE_NAME ""
| #define PACKAGE_TARNAME ""
| #define PACKAGE_VERSION ""
| #define PACKAGE_STRING ""
| #define PACKAGE_BUGREPORT ""
| #define PACKAGE "libiconv"
| #define VERSION "1.12"
| /* end confdefs.h.  */
| #include <ac_nonexistent.h>
configure:3841: result: gcc -E
configure:3870: gcc -E  conftest.c
configure:3876: $? = 0
configure:3907: gcc -E  conftest.c
conftest.c:10:28: ac_nonexistent.h: No such file or directory
configure:3913: $? = 1
configure: failed program was:
| /* confdefs.h.  */
| #define PACKAGE_NAME ""
| #define PACKAGE_TARNAME ""
| #define PACKAGE_VERSION ""
| #define PACKAGE_STRING ""
| #define PACKAGE_BUGREPORT ""
| #define PACKAGE "libiconv"
| #define VERSION "1.12"
| /* end confdefs.h.  */
| #include <ac_nonexistent.h>
configure:3963: checking for a BSD-compatible install
configure:4019: result: /usr/bin/install -c
configure:4038: checking build system type
configure:4056: result: i686-pc-linux-gnu
configure:4078: checking host system type
configure:4093: result: i686-pc-linux-gnu
configure:4166: checking for ranlib
configure:4182: found /usr/bin/ranlib
configure:4193: result: ranlib
configure:4220: checking whether gcc and cc understand -c and -o together
configure:4255: gcc -c conftest.c -o conftest2.o >&5
configure:4258: $? = 0
configure:4264: gcc -c conftest.c -o conftest2.o >&5
configure:4267: $? = 0
configure:4278: cc -c conftest.c >&5
configure:4281: $? = 0
configure:4289: cc -c conftest.c -o conftest2.o >&5
configure:4292: $? = 0
configure:4298: cc -c conftest.c -o conftest2.o >&5
configure:4301: $? = 0
configure:4319: result: yes
configure:4353: checking for grep that handles long lines and -e
configure:4427: result: /bin/grep
configure:4432: checking for egrep
configure:4510: result: /bin/grep -E
configure:4515: checking for ANSI C header files
configure:4545: gcc -c -g -O2  conftest.c >&5
configure:4551: $? = 0
configure:4647: gcc -o conftest -g -O2   conftest.c  >&5
configure:4650: $? = 0
configure:4656: ./conftest
configure:4659: $? = 0
configure:4676: result: yes
configure:4700: checking for sys/types.h
configure:4721: gcc -c -g -O2  conftest.c >&5
configure:4727: $? = 0
configure:4743: result: yes
configure:4700: checking for sys/stat.h
configure:4721: gcc -c -g -O2  conftest.c >&5
configure:4727: $? = 0
configure:4743: result: yes
configure:4700: checking for stdlib.h
configure:4721: gcc -c -g -O2  conftest.c >&5
configure:4727: $? = 0
configure:4743: result: yes
configure:4700: checking for string.h
configure:4721: gcc -c -g -O2  conftest.c >&5
configure:4727: $? = 0
configure:4743: result: yes
configure:4700: checking for memory.h
configure:4721: gcc -c -g -O2  conftest.c >&5
configure:4727: $? = 0
configure:4743: result: yes
configure:4700: checking for strings.h
configure:4721: gcc -c -g -O2  conftest.c >&5
configure:4727: $? = 0
configure:4743: result: yes
configure:4700: checking for inttypes.h
configure:4721: gcc -c -g -O2  conftest.c >&5
configure:4727: $? = 0
configure:4743: result: yes
configure:4700: checking for stdint.h
configure:4721: gcc -c -g -O2  conftest.c >&5
configure:4727: $? = 0
configure:4743: result: yes
configure:4700: checking for unistd.h
configure:4721: gcc -c -g -O2  conftest.c >&5
configure:4727: $? = 0
configure:4743: result: yes
configure:4766: checking minix/config.h usability
configure:4783: gcc -c -g -O2  conftest.c >&5
conftest.c:54:26: minix/config.h: No such file or directory
configure:4789: $? = 1
configure: failed program was:
| /* confdefs.h.  */
| #define PACKAGE_NAME ""
| #define PACKAGE_TARNAME ""
| #define PACKAGE_VERSION ""
| #define PACKAGE_STRING ""
| #define PACKAGE_BUGREPORT ""
| #define PACKAGE "libiconv"
| #define VERSION "1.12"
| #define _GNU_SOURCE 1
| #define STDC_HEADERS 1
| #define HAVE_SYS_TYPES_H 1
| #define HAVE_SYS_STAT_H 1
| #define HAVE_STDLIB_H 1
| #define HAVE_STRING_H 1
| #define HAVE_MEMORY_H 1
| #define HAVE_STRINGS_H 1
| #define HAVE_INTTYPES_H 1
| #define HAVE_STDINT_H 1
| #define HAVE_UNISTD_H 1
| /* end confdefs.h.  */
| #include <stdio.h>
| #ifdef HAVE_SYS_TYPES_H
| # include <sys/types.h>
| #endif
| #ifdef HAVE_SYS_STAT_H
| # include <sys/stat.h>
| #endif
| #ifdef STDC_HEADERS
| # include <stdlib.h>
| # include <stddef.h>
| #else
| # ifdef HAVE_STDLIB_H
| #  include <stdlib.h>
| # endif
| #endif
| #ifdef HAVE_STRING_H
| # if !defined STDC_HEADERS && defined HAVE_MEMORY_H
| #  include <memory.h>
| # endif
| # include <string.h>
| #endif
| #ifdef HAVE_STRINGS_H
| # include <strings.h>
| #endif
| #ifdef HAVE_INTTYPES_H
| # include <inttypes.h>
| #endif
| #ifdef HAVE_STDINT_H
| # include <stdint.h>
| #endif
| #ifdef HAVE_UNISTD_H
| # include <unistd.h>
| #endif
| #include <minix/config.h>
configure:4803: result: no
configure:4807: checking minix/config.h presence
configure:4822: gcc -E  conftest.c
conftest.c:21:26: minix/config.h: No such file or directory
configure:4828: $? = 1
configure: failed program was:
| /* confdefs.h.  */
| #define PACKAGE_NAME ""
| #define PACKAGE_TARNAME ""
| #define PACKAGE_VERSION ""
| #define PACKAGE_STRING ""
| #define PACKAGE_BUGREPORT ""
| #define PACKAGE "libiconv"
| #define VERSION "1.12"
| #define _GNU_SOURCE 1
| #define STDC_HEADERS 1
| #define HAVE_SYS_TYPES_H 1
| #define HAVE_SYS_STAT_H 1
| #define HAVE_STDLIB_H 1
| #define HAVE_STRING_H 1
| #define HAVE_MEMORY_H 1
| #define HAVE_STRINGS_H 1
| #define HAVE_INTTYPES_H 1
| #define HAVE_STDINT_H 1
| #define HAVE_UNISTD_H 1
| /* end confdefs.h.  */
| #include <minix/config.h>
configure:4842: result: no
configure:4870: checking for minix/config.h
configure:4877: result: no
configure:4908: checking whether it is safe to define __EXTENSIONS__
configure:4936: gcc -c -g -O2  conftest.c >&5
configure:4942: $? = 0
configure:4957: result: yes
configure:5014: checking for ld used by GCC
configure:5078: result: /usr/bin/ld
configure:5087: checking if the linker (/usr/bin/ld) is GNU ld
configure:5100: result: yes
configure:5106: checking for shared library path variable
configure:5119: result: LD_LIBRARY_PATH
configure:5124: checking whether to activate relocatable installation
configure:5139: result: no
configure:5476: checking how to copy files
configure:5492: result: cp -p
configure:5496: checking how to make hard links
configure:5512: result: ln
configure:5516: checking whether ln -s works
configure:5520: result: yes
configure:5608: checking for a sed that does not truncate output
configure:5664: result: /bin/sed
configure:5678: checking for ld used by gcc
configure:5745: result: /usr/bin/ld
configure:5754: checking if the linker (/usr/bin/ld) is GNU ld
configure:5769: result: yes
configure:5774: checking for /usr/bin/ld option to reload object files
configure:5781: result: -r
configure:5799: checking for BSD-compatible nm
configure:5848: result: /usr/bin/nm -B
configure:5852: checking how to recognize dependent libraries
configure:6038: result: pass_all
configure:6576: checking dlfcn.h usability
configure:6593: gcc -c -g -O2  conftest.c >&5
configure:6599: $? = 0
configure:6613: result: yes
configure:6617: checking dlfcn.h presence
configure:6632: gcc -E  conftest.c
configure:6638: $? = 0
configure:6652: result: yes
configure:6680: checking for dlfcn.h
configure:6688: result: yes
configure:6759: checking for g++
configure:6775: found /usr/bin/g++
configure:6786: result: g++
configure:6817: checking for C++ compiler version
configure:6824: g++ --version >&5
g++ (GCC) 3.2.2 20030222 (Red Hat Linux 3.2.2-5)
Copyright (C) 2002 Free Software Foundation, Inc.
This is free software; see the source for copying conditions.  There is NO
warranty; not even for MERCHANTABILITY or FITNESS FOR A PARTICULAR PURPOSE.

configure:6827: $? = 0
configure:6834: g++ -v >&5
Reading specs from /usr/lib/gcc-lib/i386-redhat-linux/3.2.2/specs
Configured with: ../configure --prefix=/usr --mandir=/usr/share/man --infodir=/usr/share/info --enable-shared --enable-threads=posix --disable-checking --with-system-zlib --enable-__cxa_atexit --host=i386-redhat-linux
Thread model: posix
gcc version 3.2.2 20030222 (Red Hat Linux 3.2.2-5)
configure:6837: $? = 0
configure:6844: g++ -V >&5
g++: argument to `-V' missing

configure:6847: $? = 1
configure:6850: checking whether we are using the GNU C++ compiler
configure:6879: g++ -c   conftest.cpp >&5
configure:6885: $? = 0
configure:6902: result: yes
configure:6907: checking whether g++ accepts -g
configure:6937: g++ -c -g  conftest.cpp >&5
configure:6943: $? = 0
configure:7042: result: yes
configure:7067: checking dependency style of g++
configure:7158: result: none
configure:7183: checking how to run the C++ preprocessor
configure:7219: g++ -E  conftest.cpp
configure:7225: $? = 0
configure:7256: g++ -E  conftest.cpp
conftest.cpp:29:28: ac_nonexistent.h: No such file or directory
configure:7262: $? = 1
configure: failed program was:
| /* confdefs.h.  */
| #define PACKAGE_NAME ""
| #define PACKAGE_TARNAME ""
| #define PACKAGE_VERSION ""
| #define PACKAGE_STRING ""
| #define PACKAGE_BUGREPORT ""
| #define PACKAGE "libiconv"
| #define VERSION "1.12"
| #define _GNU_SOURCE 1
| #define STDC_HEADERS 1
| #define HAVE_SYS_TYPES_H 1
| #define HAVE_SYS_STAT_H 1
| #define HAVE_STDLIB_H 1
| #define HAVE_STRING_H 1
| #define HAVE_MEMORY_H 1
| #define HAVE_STRINGS_H 1
| #define HAVE_INTTYPES_H 1
| #define HAVE_STDINT_H 1
| #define HAVE_UNISTD_H 1
| #define __EXTENSIONS__ 1
| #define _ALL_SOURCE 1
| #define _GNU_SOURCE 1
| #define _POSIX_PTHREAD_SEMANTICS 1
| #define _TANDEM_SOURCE 1
| #define INSTALLPREFIX "/usr/local"
| #define ENABLE_EXTRA 1
| #define HAVE_DLFCN_H 1
| /* end confdefs.h.  */
| #include <ac_nonexistent.h>
configure:7295: result: g++ -E
configure:7324: g++ -E  conftest.cpp
configure:7330: $? = 0
configure:7361: g++ -E  conftest.cpp
conftest.cpp:29:28: ac_nonexistent.h: No such file or directory
configure:7367: $? = 1
configure: failed program was:
| /* confdefs.h.  */
| #define PACKAGE_NAME ""
| #define PACKAGE_TARNAME ""
| #define PACKAGE_VERSION ""
| #define PACKAGE_STRING ""
| #define PACKAGE_BUGREPORT ""
| #define PACKAGE "libiconv"
| #define VERSION "1.12"
| #define _GNU_SOURCE 1
| #define STDC_HEADERS 1
| #define HAVE_SYS_TYPES_H 1
| #define HAVE_SYS_STAT_H 1
| #define HAVE_STDLIB_H 1
| #define HAVE_STRING_H 1
| #define HAVE_MEMORY_H 1
| #define HAVE_STRINGS_H 1
| #define HAVE_INTTYPES_H 1
| #define HAVE_STDINT_H 1
| #define HAVE_UNISTD_H 1
| #define __EXTENSIONS__ 1
| #define _ALL_SOURCE 1
| #define _GNU_SOURCE 1
| #define _POSIX_PTHREAD_SEMANTICS 1
| #define _TANDEM_SOURCE 1
| #define INSTALLPREFIX "/usr/local"
| #define ENABLE_EXTRA 1
| #define HAVE_DLFCN_H 1
| /* end confdefs.h.  */
| #include <ac_nonexistent.h>
configure:7460: checking for g77
configure:7476: found /usr/bin/g77
configure:7487: result: g77
configure:7517: checking for Fortran 77 compiler version
configure:7524: g77 --version >&5
GNU Fortran (GCC 3.2.2 20030222 (Red Hat Linux 3.2.2-5)) 3.2.2 20030222 (Red Hat Linux 3.2.2-5)
Copyright (C) 2002 Free Software Foundation, Inc.

GNU Fortran comes with NO WARRANTY, to the extent permitted by law.
You may redistribute copies of GNU Fortran
under the terms of the GNU General Public License.
For more information about these matters, see the file named COPYING
or type the command `info -f g77 Copying'.
configure:7527: $? = 0
configure:7534: g77 -v >&5
Reading specs from /usr/lib/gcc-lib/i386-redhat-linux/3.2.2/specs
Configured with: ../configure --prefix=/usr --mandir=/usr/share/man --infodir=/usr/share/info --enable-shared --enable-threads=posix --disable-checking --with-system-zlib --enable-__cxa_atexit --host=i386-redhat-linux
Thread model: posix
gcc version 3.2.2 20030222 (Red Hat Linux 3.2.2-5)
configure:7537: $? = 0
configure:7544: g77 -V >&5
g77: argument to `-V' missing
configure:7547: $? = 1
configure:7555: checking whether we are using the GNU Fortran 77 compiler
configure:7574: g77 -c  conftest.F >&5
configure:7580: $? = 0
configure:7597: result: yes
configure:7603: checking whether g77 accepts -g
configure:7620: g77 -c -g conftest.f >&5
configure:7626: $? = 0
configure:7642: result: yes
configure:7672: checking the maximum length of command line arguments
configure:7784: result: 98304
configure:7796: checking command to parse /usr/bin/nm -B output from gcc object
configure:7901: gcc -c -g -O2  conftest.c >&5
configure:7904: $? = 0
configure:7908: /usr/bin/nm -B conftest.o \| sed -n -e 's/^.*[ 	]\([ABCDGIRSTW][ABCDGIRSTW]*\)[ 	][ 	]*\([_A-Za-z][_A-Za-z0-9]*\)$/\1 \2 \2/p' \> conftest.nm
configure:7911: $? = 0
configure:7963: gcc -o conftest -g -O2   conftest.c conftstm.o >&5
configure:7966: $? = 0
configure:8004: result: ok
configure:8008: checking for objdir
configure:8023: result: .libs
configure:8115: checking for ar
configure:8131: found /usr/bin/ar
configure:8142: result: ar
configure:8211: checking for ranlib
configure:8238: result: ranlib
configure:8307: checking for strip
configure:8323: found /usr/bin/strip
configure:8334: result: strip
configure:8624: checking if gcc supports -fno-rtti -fno-exceptions
configure:8645: gcc -c -g -O2  -fno-rtti -fno-exceptions conftest.c >&5
configure:8649: $? = 0
configure:8659: result: yes
configure:8674: checking for gcc option to produce PIC
configure:8909: result: -fPIC
configure:8917: checking if gcc PIC flag -fPIC works
configure:8938: gcc -c -g -O2  -fPIC -DPIC conftest.c >&5
configure:8942: $? = 0
configure:8952: result: yes
configure:8980: checking if gcc static flag -static works
configure:9008: result: yes
configure:9018: checking if gcc supports -c -o file.o
configure:9042: gcc -c -g -O2  -o out/conftest2.o conftest.c >&5
configure:9046: $? = 0
configure:9065: result: yes
configure:9091: checking whether the gcc linker (/usr/bin/ld) supports shared libraries
configure:10071: result: yes
configure:10092: checking whether -lc should be explicitly linked in
configure:10097: gcc -c -g -O2  conftest.c >&5
configure:10100: $? = 0
configure:10115: gcc -shared conftest.o  -v -Wl,-soname -Wl,conftest -o conftest 2\>\&1 \| grep  -lc  \>/dev/null 2\>\&1
configure:10118: $? = 0
configure:10130: result: no
configure:10138: checking dynamic linker characteristics
configure:10740: result: GNU/Linux ld.so
configure:10749: checking how to hardcode library paths into programs
configure:10774: result: immediate
configure:10788: checking whether stripping libraries is possible
configure:10793: result: yes
configure:11595: checking if libtool supports shared libraries
configure:11597: result: yes
configure:11600: checking whether to build shared libraries
configure:11621: result: yes
configure:11624: checking whether to build static libraries
configure:11628: result: no
configure:11721: creating libtool
configure:12309: checking for ld used by g++
configure:12376: result: /usr/bin/ld
configure:12385: checking if the linker (/usr/bin/ld) is GNU ld
configure:12400: result: yes
configure:12451: checking whether the g++ linker (/usr/bin/ld) supports shared libraries
configure:13425: result: yes
configure:13447: g++ -c -g -O2  conftest.cpp >&5
configure:13450: $? = 0
configure:13602: checking for g++ option to produce PIC
configure:13886: result: -fPIC
configure:13894: checking if g++ PIC flag -fPIC works
configure:13915: g++ -c -g -O2  -fPIC -DPIC conftest.cpp >&5
configure:13919: $? = 0
configure:13929: result: yes
configure:13957: checking if g++ static flag -static works
configure:13985: result: yes
configure:13995: checking if g++ supports -c -o file.o
configure:14019: g++ -c -g -O2  -o out/conftest2.o conftest.cpp >&5
configure:14023: $? = 0
configure:14042: result: yes
configure:14068: checking whether the g++ linker (/usr/bin/ld) supports shared libraries
configure:14093: result: yes
configure:14160: checking dynamic linker characteristics
configure:14710: result: GNU/Linux ld.so
configure:14719: checking how to hardcode library paths into programs
configure:14744: result: immediate
configure:15278: checking if libtool supports shared libraries
configure:15280: result: yes
configure:15283: checking whether to build shared libraries
configure:15303: result: yes
configure:15306: checking whether to build static libraries
configure:15310: result: no
configure:15320: checking for g77 option to produce PIC
configure:15555: result: -fPIC
configure:15563: checking if g77 PIC flag -fPIC works
configure:15584: g77 -c -g -O2 -fPIC conftest.f >&5
configure:15588: $? = 0
configure:15598: result: yes
configure:15626: checking if g77 static flag -static works
configure:15654: result: yes
configure:15664: checking if g77 supports -c -o file.o
configure:15688: g77 -c -g -O2 -o out/conftest2.o conftest.f >&5
configure:15692: $? = 0
configure:15711: result: yes
configure:15737: checking whether the g77 linker (/usr/bin/ld) supports shared libraries
configure:16697: result: yes
configure:16764: checking dynamic linker characteristics
configure:17314: result: GNU/Linux ld.so
configure:17323: checking how to hardcode library paths into programs
configure:17348: result: immediate
configure:20930: checking for simple visibility declarations
configure:20962: gcc -c -g -O2 -fvisibility=hidden  conftest.c >&5
cc1: unrecognized option `-fvisibility=hidden'
configure:20968: $? = 1
configure: failed program was:
| /* confdefs.h.  */
| #define PACKAGE_NAME ""
| #define PACKAGE_TARNAME ""
| #define PACKAGE_VERSION ""
| #define PACKAGE_STRING ""
| #define PACKAGE_BUGREPORT ""
| #define PACKAGE "libiconv"
| #define VERSION "1.12"
| #define _GNU_SOURCE 1
| #define STDC_HEADERS 1
| #define HAVE_SYS_TYPES_H 1
| #define HAVE_SYS_STAT_H 1
| #define HAVE_STDLIB_H 1
| #define HAVE_STRING_H 1
| #define HAVE_MEMORY_H 1
| #define HAVE_STRINGS_H 1
| #define HAVE_INTTYPES_H 1
| #define HAVE_STDINT_H 1
| #define HAVE_UNISTD_H 1
| #define __EXTENSIONS__ 1
| #define _ALL_SOURCE 1
| #define _GNU_SOURCE 1
| #define _POSIX_PTHREAD_SEMANTICS 1
| #define _TANDEM_SOURCE 1
| #define INSTALLPREFIX "/usr/local"
| #define ENABLE_EXTRA 1
| #define HAVE_DLFCN_H 1
| /* end confdefs.h.  */
| extern __attribute__((__visibility__("hidden"))) int hiddenvar;
|          extern __attribute__((__visibility__("default"))) int exportedvar;
|          extern __attribute__((__visibility__("hidden"))) int hiddenfunc (void);
|          extern __attribute__((__visibility__("default"))) int exportedfunc (void);
| int
| main ()
| {
| 
|   ;
|   return 0;
| }
configure:20985: result: no
configure:21018: checking for shared library run path origin
configure:21031: result: done
configure:21539: checking for iconv
configure:21571: gcc -o conftest -g -O2   conftest.c  >&5
/tmp/ccqUpTBA.o(.text+0x16): In function `main':
/tmp/ww/p4b/libiconv-1.12/conftest.c:35: undefined reference to `libiconv_open'
/tmp/ccqUpTBA.o(.text+0x2b):/tmp/ww/p4b/libiconv-1.12/conftest.c:36: undefined reference to `libiconv'
/tmp/ccqUpTBA.o(.text+0x34):/tmp/ww/p4b/libiconv-1.12/conftest.c:37: undefined reference to `libiconv_close'
collect2: ld returned 1 exit status
configure:21577: $? = 1
configure: failed program was:
| /* confdefs.h.  */
| #define PACKAGE_NAME ""
| #define PACKAGE_TARNAME ""
| #define PACKAGE_VERSION ""
| #define PACKAGE_STRING ""
| #define PACKAGE_BUGREPORT ""
| #define PACKAGE "libiconv"
| #define VERSION "1.12"
| #define _GNU_SOURCE 1
| #define STDC_HEADERS 1
| #define HAVE_SYS_TYPES_H 1
| #define HAVE_SYS_STAT_H 1
| #define HAVE_STDLIB_H 1
| #define HAVE_STRING_H 1
| #define HAVE_MEMORY_H 1
| #define HAVE_STRINGS_H 1
| #define HAVE_INTTYPES_H 1
| #define HAVE_STDINT_H 1
| #define HAVE_UNISTD_H 1
| #define __EXTENSIONS__ 1
| #define _ALL_SOURCE 1
| #define _GNU_SOURCE 1
| #define _POSIX_PTHREAD_SEMANTICS 1
| #define _TANDEM_SOURCE 1
| #define INSTALLPREFIX "/usr/local"
| #define ENABLE_EXTRA 1
| #define HAVE_DLFCN_H 1
| #define HAVE_VISIBILITY 0
| /* end confdefs.h.  */
| #include <stdlib.h>
| #include <iconv.h>
| int
| main ()
| {
| iconv_t cd = iconv_open("","");
|        iconv(cd,NULL,NULL,NULL,NULL);
|        iconv_close(cd);
|   ;
|   return 0;
| }
configure:21620: gcc -o conftest -g -O2   conftest.c  /usr/local/lib/libiconv.so -Wl,-rpath -Wl,/usr/local/lib >&5
configure:21626: $? = 0
configure:21647: result: yes
configure:21650: checking for working iconv
configure:21736: gcc -o conftest -g -O2   conftest.c  /usr/local/lib/libiconv.so -Wl,-rpath -Wl,/usr/local/lib >&5
configure:21739: $? = 0
configure:21745: ./conftest
configure:21748: $? = 0
configure:21766: result: yes
configure:21783: checking how to link with libiconv
configure:21785: result: /usr/local/lib/libiconv.so -Wl,-rpath -Wl,/usr/local/lib
configure:21796: checking for iconv declaration
configure:21835: gcc -c -g -O2  conftest.c >&5
configure:21841: $? = 0
configure:21860: result: 
         extern size_t iconv (iconv_t cd, char * *inbuf, size_t *inbytesleft, char * *outbuf, size_t *outbytesleft);
configure:21871: checking whether NLS is requested
configure:21880: result: yes
configure:21921: checking for msgfmt
configure: trying /usr/local/bin/msgfmt...
0 translated messages.
configure:21953: result: /usr/local/bin/msgfmt
configure:21962: checking for gmsgfmt
configure:21993: result: /usr/local/bin/msgfmt
configure:22044: checking for xgettext
configure: trying /usr/local/bin/xgettext...
/usr/local/bin/xgettext: warning: file `/dev/null' extension `' is unknown; will try C
configure:22076: result: /usr/local/bin/xgettext
configure:22122: checking for msgmerge
configure: trying /usr/local/bin/msgmerge...
configure:22153: result: /usr/local/bin/msgmerge
configure:22193: checking for CFPreferencesCopyAppValue
configure:22221: gcc -o conftest -g -O2   conftest.c  -Wl,-framework -Wl,CoreFoundation >&5
conftest.c:32:42: CoreFoundation/CFPreferences.h: No such file or directory
conftest.c: In function `main':
conftest.c:36: `NULL' undeclared (first use in this function)
conftest.c:36: (Each undeclared identifier is reported only once
conftest.c:36: for each function it appears in.)
configure:22227: $? = 1
configure: failed program was:
| /* confdefs.h.  */
| #define PACKAGE_NAME ""
| #define PACKAGE_TARNAME ""
| #define PACKAGE_VERSION ""
| #define PACKAGE_STRING ""
| #define PACKAGE_BUGREPORT ""
| #define PACKAGE "libiconv"
| #define VERSION "1.12"
| #define _GNU_SOURCE 1
| #define STDC_HEADERS 1
| #define HAVE_SYS_TYPES_H 1
| #define HAVE_SYS_STAT_H 1
| #define HAVE_STDLIB_H 1
| #define HAVE_STRING_H 1
| #define HAVE_MEMORY_H 1
| #define HAVE_STRINGS_H 1
| #define HAVE_INTTYPES_H 1
| #define HAVE_STDINT_H 1
| #define HAVE_UNISTD_H 1
| #define __EXTENSIONS__ 1
| #define _ALL_SOURCE 1
| #define _GNU_SOURCE 1
| #define _POSIX_PTHREAD_SEMANTICS 1
| #define _TANDEM_SOURCE 1
| #define INSTALLPREFIX "/usr/local"
| #define ENABLE_EXTRA 1
| #define HAVE_DLFCN_H 1
| #define HAVE_VISIBILITY 0
| #define HAVE_ICONV 1
| #define ICONV_CONST 
| /* end confdefs.h.  */
| #include <CoreFoundation/CFPreferences.h>
| int
| main ()
| {
| CFPreferencesCopyAppValue(NULL, NULL)
|   ;
|   return 0;
| }
configure:22245: result: no
configure:22254: checking for CFLocaleCopyCurrent
configure:22282: gcc -o conftest -g -O2   conftest.c  -Wl,-framework -Wl,CoreFoundation >&5
conftest.c:32:37: CoreFoundation/CFLocale.h: No such file or directory
configure:22288: $? = 1
configure: failed program was:
| /* confdefs.h.  */
| #define PACKAGE_NAME ""
| #define PACKAGE_TARNAME ""
| #define PACKAGE_VERSION ""
| #define PACKAGE_STRING ""
| #define PACKAGE_BUGREPORT ""
| #define PACKAGE "libiconv"
| #define VERSION "1.12"
| #define _GNU_SOURCE 1
| #define STDC_HEADERS 1
| #define HAVE_SYS_TYPES_H 1
| #define HAVE_SYS_STAT_H 1
| #define HAVE_STDLIB_H 1
| #define HAVE_STRING_H 1
| #define HAVE_MEMORY_H 1
| #define HAVE_STRINGS_H 1
| #define HAVE_INTTYPES_H 1
| #define HAVE_STDINT_H 1
| #define HAVE_UNISTD_H 1
| #define __EXTENSIONS__ 1
| #define _ALL_SOURCE 1
| #define _GNU_SOURCE 1
| #define _POSIX_PTHREAD_SEMANTICS 1
| #define _TANDEM_SOURCE 1
| #define INSTALLPREFIX "/usr/local"
| #define ENABLE_EXTRA 1
| #define HAVE_DLFCN_H 1
| #define HAVE_VISIBILITY 0
| #define HAVE_ICONV 1
| #define ICONV_CONST 
| /* end confdefs.h.  */
| #include <CoreFoundation/CFLocale.h>
| int
| main ()
| {
| CFLocaleCopyCurrent();
|   ;
|   return 0;
| }
configure:22306: result: no
configure:22357: checking for GNU gettext in libc
configure:22387: gcc -o conftest -g -O2   conftest.c  >&5
/tmp/cc2FNgkq.o(.text+0x16): In function `main':
/tmp/ww/p4b/libiconv-1.12/conftest.c:39: undefined reference to `libintl_bindtextdomain'
/tmp/cc2FNgkq.o(.text+0x22):/tmp/ww/p4b/libiconv-1.12/conftest.c:40: undefined reference to `libintl_gettext'
/tmp/cc2FNgkq.o(.text+0x39):/tmp/ww/p4b/libiconv-1.12/conftest.c:40: undefined reference to `libintl_ngettext'
collect2: ld returned 1 exit status
configure:22393: $? = 1
configure: failed program was:
| /* confdefs.h.  */
| #define PACKAGE_NAME ""
| #define PACKAGE_TARNAME ""
| #define PACKAGE_VERSION ""
| #define PACKAGE_STRING ""
| #define PACKAGE_BUGREPORT ""
| #define PACKAGE "libiconv"
| #define VERSION "1.12"
| #define _GNU_SOURCE 1
| #define STDC_HEADERS 1
| #define HAVE_SYS_TYPES_H 1
| #define HAVE_SYS_STAT_H 1
| #define HAVE_STDLIB_H 1
| #define HAVE_STRING_H 1
| #define HAVE_MEMORY_H 1
| #define HAVE_STRINGS_H 1
| #define HAVE_INTTYPES_H 1
| #define HAVE_STDINT_H 1
| #define HAVE_UNISTD_H 1
| #define __EXTENSIONS__ 1
| #define _ALL_SOURCE 1
| #define _GNU_SOURCE 1
| #define _POSIX_PTHREAD_SEMANTICS 1
| #define _TANDEM_SOURCE 1
| #define INSTALLPREFIX "/usr/local"
| #define ENABLE_EXTRA 1
| #define HAVE_DLFCN_H 1
| #define HAVE_VISIBILITY 0
| #define HAVE_ICONV 1
| #define ICONV_CONST 
| /* end confdefs.h.  */
| #include <libintl.h>
| 
| extern int _nl_msg_cat_cntr;
| extern int *_nl_domain_bindings;
| int
| main ()
| {
| bindtextdomain ("", "");
| return * gettext ("") + * ngettext ("", "", 0) + _nl_msg_cat_cntr + *_nl_domain_bindings
|   ;
|   return 0;
| }
configure:22411: result: no
configure:22445: checking for iconv
configure:22553: result: yes
configure:22556: checking for working iconv
configure:22672: result: yes
configure:22689: checking how to link with libiconv
configure:22691: result: /usr/local/lib/libiconv.so -Wl,-rpath -Wl,/usr/local/lib
configure:23137: checking for GNU gettext in libintl
configure:23175: gcc -o conftest -g -O2    conftest.c  /usr/local/lib/libintl.so /usr/local/lib/libiconv.so -lc -Wl,-rpath -Wl,/usr/local/lib >&5
configure:23181: $? = 0
configure:23258: result: yes
configure:23295: checking whether to use NLS
configure:23297: result: yes
configure:23300: checking where the gettext function comes from
configure:23311: result: external libintl
configure:23319: checking how to link with libintl
configure:23321: result: /usr/local/lib/libintl.so /usr/local/lib/libiconv.so -lc -Wl,-rpath -Wl,/usr/local/lib
configure:23374: checking for mbstate_t
configure:23401: gcc -c -g -O2  conftest.c >&5
configure:23407: $? = 0
configure:23422: result: yes
configure:23438: checking for wchar_t
configure:23465: gcc -c -g -O2  conftest.c >&5
configure:23471: $? = 0
configure:23486: result: yes
configure:23520: checking for getc_unlocked
configure:23576: gcc -o conftest -g -O2   conftest.c  >&5
configure:23582: $? = 0
configure:23600: result: yes
configure:23520: checking for mbrtowc
configure:23576: gcc -o conftest -g -O2   conftest.c  >&5
configure:23582: $? = 0
configure:23600: result: yes
configure:23520: checking for wcrtomb
configure:23576: gcc -o conftest -g -O2   conftest.c  >&5
configure:23582: $? = 0
configure:23600: result: yes
configure:23520: checking for mbsinit
configure:23576: gcc -o conftest -g -O2   conftest.c  >&5
configure:23582: $? = 0
configure:23600: result: yes
configure:23520: checking for setlocale
configure:23576: gcc -o conftest -g -O2   conftest.c  >&5
configure:23582: $? = 0
configure:23600: result: yes
configure:23614: checking for memmove
configure:23670: gcc -o conftest -g -O2   conftest.c  >&5
configure:23676: $? = 0
configure:23694: result: yes
configure:23708: checking for nl_langinfo and CODESET
configure:23734: gcc -o conftest -g -O2   conftest.c  >&5
configure:23740: $? = 0
configure:23758: result: yes
configure:23786: checking wchar.h usability
configure:23803: gcc -c -g -O2  conftest.c >&5
configure:23809: $? = 0
configure:23823: result: yes
configure:23827: checking wchar.h presence
configure:23842: gcc -E  conftest.c
configure:23848: $? = 0
configure:23862: result: yes
configure:23890: checking for wchar.h
configure:23898: result: yes
configure:23912: checking for EILSEQ
configure:24325: result: yes
configure:24338: checking byte ordering
configure:24371: gcc -o conftest -g -O2   conftest.c  >&5
configure:24374: $? = 0
configure:24380: ./conftest
configure:24383: $? = 1
configure: program exited with status 1
configure: failed program was:
| /* confdefs.h.  */
| #define PACKAGE_NAME ""
| #define PACKAGE_TARNAME ""
| #define PACKAGE_VERSION ""
| #define PACKAGE_STRING ""
| #define PACKAGE_BUGREPORT ""
| #define PACKAGE "libiconv"
| #define VERSION "1.12"
| #define _GNU_SOURCE 1
| #define STDC_HEADERS 1
| #define HAVE_SYS_TYPES_H 1
| #define HAVE_SYS_STAT_H 1
| #define HAVE_STDLIB_H 1
| #define HAVE_STRING_H 1
| #define HAVE_MEMORY_H 1
| #define HAVE_STRINGS_H 1
| #define HAVE_INTTYPES_H 1
| #define HAVE_STDINT_H 1
| #define HAVE_UNISTD_H 1
| #define __EXTENSIONS__ 1
| #define _ALL_SOURCE 1
| #define _GNU_SOURCE 1
| #define _POSIX_PTHREAD_SEMANTICS 1
| #define _TANDEM_SOURCE 1
| #define INSTALLPREFIX "/usr/local"
| #define ENABLE_EXTRA 1
| #define HAVE_DLFCN_H 1
| #define HAVE_VISIBILITY 0
| #define HAVE_ICONV 1
| #define ICONV_CONST 
| #define HAVE_ICONV 1
| #define ENABLE_NLS 1
| #define HAVE_GETTEXT 1
| #define HAVE_DCGETTEXT 1
| #define HAVE_MBSTATE_T 1
| #define HAVE_WCHAR_T 1
| #define HAVE_GETC_UNLOCKED 1
| #define HAVE_MBRTOWC 1
| #define HAVE_WCRTOMB 1
| #define HAVE_MBSINIT 1
| #define HAVE_SETLOCALE 1
| #define HAVE_MEMMOVE 1
| #define HAVE_LANGINFO_CODESET 1
| #define HAVE_WCHAR_H 1
| /* end confdefs.h.  */
| int main () {
|   /* Are we little or big endian?  From Harbison&Steele.  */
|   union
|   {
|     long l;
|     char c[sizeof (long)];
|   } u;
|   u.l = 1;
|   exit (u.c[0] == 1);
| }
configure:24441: result: little endian
configure:24456: checking for working alloca.h
configure:24483: gcc -o conftest -g -O2   conftest.c  >&5
configure:24489: $? = 0
configure:24506: result: yes
configure:24516: checking for alloca
configure:24563: gcc -o conftest -g -O2   conftest.c  >&5
configure:24569: $? = 0
configure:24586: result: yes
configure:24825: checking for stdlib.h
configure:24831: result: yes
configure:24825: checking for string.h
configure:24831: result: yes
configure:24835: checking sys/param.h usability
configure:24852: gcc -c -g -O2  conftest.c >&5
configure:24858: $? = 0
configure:24872: result: yes
configure:24876: checking sys/param.h presence
configure:24891: gcc -E  conftest.c
configure:24897: $? = 0
configure:24911: result: yes
configure:24939: checking for sys/param.h
configure:24947: result: yes
configure:24825: checking for unistd.h
configure:24831: result: yes
configure:24825: checking for stdint.h
configure:24831: result: yes
configure:24825: checking for wchar.h
configure:24831: result: yes
configure:24964: checking whether canonicalize_file_name is declared
configure:24993: gcc -c -g -O2  conftest.c >&5
configure:24999: $? = 0
configure:25014: result: yes
configure:25039: checking for canonicalize_file_name
configure:25095: gcc -o conftest -g -O2   conftest.c  >&5
configure:25101: $? = 0
configure:25119: result: yes
configure:25039: checking for getcwd
configure:25095: gcc -o conftest -g -O2   conftest.c  >&5
configure:25101: $? = 0
configure:25119: result: yes
configure:25039: checking for readlink
configure:25095: gcc -o conftest -g -O2   conftest.c  >&5
configure:25101: $? = 0
configure:25119: result: yes
configure:25039: checking for setenv
configure:25095: gcc -o conftest -g -O2   conftest.c  >&5
configure:25101: $? = 0
configure:25119: result: yes
configure:25139: checking whether strerror_r is declared
configure:25168: gcc -c -g -O2  conftest.c >&5
configure:25174: $? = 0
configure:25189: result: yes
configure:25211: checking for strerror_r
configure:25267: gcc -o conftest -g -O2   conftest.c  >&5
configure:25273: $? = 0
configure:25291: result: yes
configure:25301: checking whether strerror_r returns char *
configure:25335: gcc -c -g -O2  conftest.c >&5
configure:25341: $? = 0
configure:25417: result: yes
configure:25431: checking whether malloc, realloc, calloc are POSIX compliant
configure:25461: gcc -c -g -O2  conftest.c >&5
configure:25467: $? = 0
configure:25483: result: yes
configure:25508: checking for stdlib.h
configure:25514: result: yes
configure:25643: checking for GNU libc compatible malloc
configure:25677: gcc -o conftest -g -O2   conftest.c  >&5
configure:25680: $? = 0
configure:25686: ./conftest
configure:25689: $? = 0
configure:25705: result: yes
configure:25721: checking for long long int
configure:25771: gcc -o conftest -g -O2   conftest.c  >&5
configure:25777: $? = 0
configure:25821: gcc -o conftest -g -O2   conftest.c  >&5
configure:25824: $? = 0
configure:25830: ./conftest
configure:25833: $? = 0
configure:25858: result: yes
configure:25892: checking for stdbool.h that conforms to C99
configure:25985: gcc -c -g -O2  conftest.c >&5
configure:25991: $? = 0
configure:26006: result: yes
configure:26008: checking for _Bool
configure:26038: gcc -c -g -O2  conftest.c >&5
configure:26044: $? = 0
configure:26059: result: yes
configure:26078: checking for unsigned long long int
configure:26112: gcc -o conftest -g -O2   conftest.c  >&5
configure:26118: $? = 0
configure:26135: result: yes
configure:26147: checking whether the preprocessor supports include_next
configure:26180: gcc -c -g -O2  -Iconftestd1 -Iconftestd2 conftest.c >&5
configure:26186: $? = 0
configure:26204: result: yes
configure:26272: checking for C/C++ restrict keyword
configure:26307: gcc -c -g -O2  conftest.c >&5
configure:26313: $? = 0
configure:26331: result: __restrict
configure:26399: checking whether clearerr_unlocked is declared
configure:26428: gcc -c -g -O2  conftest.c >&5
configure:26434: $? = 0
configure:26449: result: yes
configure:26467: checking whether feof_unlocked is declared
configure:26496: gcc -c -g -O2  conftest.c >&5
configure:26502: $? = 0
configure:26517: result: yes
configure:26535: checking whether ferror_unlocked is declared
configure:26564: gcc -c -g -O2  conftest.c >&5
configure:26570: $? = 0
configure:26585: result: yes
configure:26603: checking whether fflush_unlocked is declared
configure:26632: gcc -c -g -O2  conftest.c >&5
configure:26638: $? = 0
configure:26653: result: yes
configure:26671: checking whether fgets_unlocked is declared
configure:26700: gcc -c -g -O2  conftest.c >&5
configure:26706: $? = 0
configure:26721: result: yes
configure:26739: checking whether fputc_unlocked is declared
configure:26768: gcc -c -g -O2  conftest.c >&5
configure:26774: $? = 0
configure:26789: result: yes
configure:26807: checking whether fputs_unlocked is declared
configure:26836: gcc -c -g -O2  conftest.c >&5
configure:26842: $? = 0
configure:26857: result: yes
configure:26875: checking whether fread_unlocked is declared
configure:26904: gcc -c -g -O2  conftest.c >&5
configure:26910: $? = 0
configure:26925: result: yes
configure:26943: checking whether fwrite_unlocked is declared
configure:26972: gcc -c -g -O2  conftest.c >&5
configure:26978: $? = 0
configure:26993: result: yes
configure:27011: checking whether getc_unlocked is declared
configure:27040: gcc -c -g -O2  conftest.c >&5
configure:27046: $? = 0
configure:27061: result: yes
configure:27079: checking whether getchar_unlocked is declared
configure:27108: gcc -c -g -O2  conftest.c >&5
configure:27114: $? = 0
configure:27129: result: yes
configure:27147: checking whether putc_unlocked is declared
configure:27176: gcc -c -g -O2  conftest.c >&5
configure:27182: $? = 0
configure:27197: result: yes
configure:27215: checking whether putchar_unlocked is declared
configure:27244: gcc -c -g -O2  conftest.c >&5
configure:27250: $? = 0
configure:27265: result: yes
configure:27406: checking for error_at_line
configure:27432: gcc -o conftest -g -O2   conftest.c  >&5
configure:27438: $? = 0
configure:27455: result: yes
configure:27516: checking for mbstate_t
configure:27564: result: yes
configure:27591: checking for memmove
configure:27671: result: yes
configure:27837: checking search.h usability
configure:27854: gcc -c -g -O2  conftest.c >&5
configure:27860: $? = 0
configure:27874: result: yes
configure:27878: checking search.h presence
configure:27893: gcc -E  conftest.c
configure:27899: $? = 0
configure:27913: result: yes
configure:27941: checking for search.h
configure:27949: result: yes
configure:27966: checking for tsearch
configure:28022: gcc -o conftest -g -O2   conftest.c  >&5
configure:28028: $? = 0
configure:28046: result: yes
configure:28058: checking if environ is properly declared
configure:28086: gcc -c -g -O2  conftest.c >&5
conftest.c:90: conflicting types for `environ'
/usr/include/unistd.h:449: previous declaration of `environ'
configure:28092: $? = 1
configure: failed program was:
| /* confdefs.h.  */
| #define PACKAGE_NAME ""
| #define PACKAGE_TARNAME ""
| #define PACKAGE_VERSION ""
| #define PACKAGE_STRING ""
| #define PACKAGE_BUGREPORT ""
| #define PACKAGE "libiconv"
| #define VERSION "1.12"
| #define _GNU_SOURCE 1
| #define STDC_HEADERS 1
| #define HAVE_SYS_TYPES_H 1
| #define HAVE_SYS_STAT_H 1
| #define HAVE_STDLIB_H 1
| #define HAVE_STRING_H 1
| #define HAVE_MEMORY_H 1
| #define HAVE_STRINGS_H 1
| #define HAVE_INTTYPES_H 1
| #define HAVE_STDINT_H 1
| #define HAVE_UNISTD_H 1
| #define __EXTENSIONS__ 1
| #define _ALL_SOURCE 1
| #define _GNU_SOURCE 1
| #define _POSIX_PTHREAD_SEMANTICS 1
| #define _TANDEM_SOURCE 1
| #define INSTALLPREFIX "/usr/local"
| #define ENABLE_EXTRA 1
| #define HAVE_DLFCN_H 1
| #define HAVE_VISIBILITY 0
| #define HAVE_ICONV 1
| #define ICONV_CONST 
| #define HAVE_ICONV 1
| #define ENABLE_NLS 1
| #define HAVE_GETTEXT 1
| #define HAVE_DCGETTEXT 1
| #define HAVE_MBSTATE_T 1
| #define HAVE_WCHAR_T 1
| #define HAVE_GETC_UNLOCKED 1
| #define HAVE_MBRTOWC 1
| #define HAVE_WCRTOMB 1
| #define HAVE_MBSINIT 1
| #define HAVE_SETLOCALE 1
| #define HAVE_MEMMOVE 1
| #define HAVE_LANGINFO_CODESET 1
| #define HAVE_WCHAR_H 1
| #define WORDS_LITTLEENDIAN 1
| #define HAVE_ALLOCA_H 1
| #define HAVE_ALLOCA 1
| #define HAVE_STDLIB_H 1
| #define HAVE_STRING_H 1
| #define HAVE_SYS_PARAM_H 1
| #define HAVE_UNISTD_H 1
| #define HAVE_STDINT_H 1
| #define HAVE_WCHAR_H 1
| #define HAVE_DECL_CANONICALIZE_FILE_NAME 1
| #define HAVE_CANONICALIZE_FILE_NAME 1
| #define HAVE_GETCWD 1
| #define HAVE_READLINK 1
| #define HAVE_SETENV 1
| #define HAVE_DECL_STRERROR_R 1
| #define HAVE_STRERROR_R 1
| #define STRERROR_R_CHAR_P 1
| #define HAVE_STDLIB_H 1
| #define MALLOC_0_IS_NONNULL 1
| #define HAVE_LONG_LONG_INT 1
| #define HAVE__BOOL 1
| #define HAVE_STDBOOL_H 1
| #define HAVE_UNSIGNED_LONG_LONG_INT 1
| #define HAVE_INCLUDE_NEXT 1
| #define restrict __restrict
| #define HAVE_DECL_CLEARERR_UNLOCKED 1
| #define HAVE_DECL_FEOF_UNLOCKED 1
| #define HAVE_DECL_FERROR_UNLOCKED 1
| #define HAVE_DECL_FFLUSH_UNLOCKED 1
| #define HAVE_DECL_FGETS_UNLOCKED 1
| #define HAVE_DECL_FPUTC_UNLOCKED 1
| #define HAVE_DECL_FPUTS_UNLOCKED 1
| #define HAVE_DECL_FREAD_UNLOCKED 1
| #define HAVE_DECL_FWRITE_UNLOCKED 1
| #define HAVE_DECL_GETC_UNLOCKED 1
| #define HAVE_DECL_GETCHAR_UNLOCKED 1
| #define HAVE_DECL_PUTC_UNLOCKED 1
| #define HAVE_DECL_PUTCHAR_UNLOCKED 1
| #define HAVE_MALLOC_POSIX 1
| #define HAVE_MBSTATE_T 1
| #define HAVE_MEMMOVE 1
| #define HAVE_SEARCH_H 1
| #define HAVE_TSEARCH 1
| /* end confdefs.h.  */
| #include <unistd.h>
|       extern struct { int foo; } environ;
| int
| main ()
| {
| environ.foo = 1;
|   ;
|   return 0;
| }
configure:28108: result: yes
configure:28121: checking for working strerror function
configure:28192: gcc -o conftest -g -O2   conftest.c  >&5
configure:28195: $? = 0
configure:28201: ./conftest
configure:28204: $? = 0
configure:28220: result: yes
configure:28297: checking for ssize_t
configure:28324: gcc -c -g -O2  conftest.c >&5
configure:28330: $? = 0
configure:28345: result: yes
configure:28461: checking whether stdint.h conforms to C99
configure:28638: gcc -c -g -O2  conftest.c >&5
conftest.c:211: negative width in bit-field `check_UINT8_C'
conftest.c:213: negative width in bit-field `check_UINT16_C'
configure:28644: $? = 1
configure: failed program was:
| 
|          /* confdefs.h.  */
| #define PACKAGE_NAME ""
| #define PACKAGE_TARNAME ""
| #define PACKAGE_VERSION ""
| #define PACKAGE_STRING ""
| #define PACKAGE_BUGREPORT ""
| #define PACKAGE "libiconv"
| #define VERSION "1.12"
| #define _GNU_SOURCE 1
| #define STDC_HEADERS 1
| #define HAVE_SYS_TYPES_H 1
| #define HAVE_SYS_STAT_H 1
| #define HAVE_STDLIB_H 1
| #define HAVE_STRING_H 1
| #define HAVE_MEMORY_H 1
| #define HAVE_STRINGS_H 1
| #define HAVE_INTTYPES_H 1
| #define HAVE_STDINT_H 1
| #define HAVE_UNISTD_H 1
| #define __EXTENSIONS__ 1
| #define _ALL_SOURCE 1
| #define _GNU_SOURCE 1
| #define _POSIX_PTHREAD_SEMANTICS 1
| #define _TANDEM_SOURCE 1
| #define INSTALLPREFIX "/usr/local"
| #define ENABLE_EXTRA 1
| #define HAVE_DLFCN_H 1
| #define HAVE_VISIBILITY 0
| #define HAVE_ICONV 1
| #define ICONV_CONST 
| #define HAVE_ICONV 1
| #define ENABLE_NLS 1
| #define HAVE_GETTEXT 1
| #define HAVE_DCGETTEXT 1
| #define HAVE_MBSTATE_T 1
| #define HAVE_WCHAR_T 1
| #define HAVE_GETC_UNLOCKED 1
| #define HAVE_MBRTOWC 1
| #define HAVE_WCRTOMB 1
| #define HAVE_MBSINIT 1
| #define HAVE_SETLOCALE 1
| #define HAVE_MEMMOVE 1
| #define HAVE_LANGINFO_CODESET 1
| #define HAVE_WCHAR_H 1
| #define WORDS_LITTLEENDIAN 1
| #define HAVE_ALLOCA_H 1
| #define HAVE_ALLOCA 1
| #define HAVE_STDLIB_H 1
| #define HAVE_STRING_H 1
| #define HAVE_SYS_PARAM_H 1
| #define HAVE_UNISTD_H 1
| #define HAVE_STDINT_H 1
| #define HAVE_WCHAR_H 1
| #define HAVE_DECL_CANONICALIZE_FILE_NAME 1
| #define HAVE_CANONICALIZE_FILE_NAME 1
| #define HAVE_GETCWD 1
| #define HAVE_READLINK 1
| #define HAVE_SETENV 1
| #define HAVE_DECL_STRERROR_R 1
| #define HAVE_STRERROR_R 1
| #define STRERROR_R_CHAR_P 1
| #define HAVE_STDLIB_H 1
| #define MALLOC_0_IS_NONNULL 1
| #define HAVE_LONG_LONG_INT 1
| #define HAVE__BOOL 1
| #define HAVE_STDBOOL_H 1
| #define HAVE_UNSIGNED_LONG_LONG_INT 1
| #define HAVE_INCLUDE_NEXT 1
| #define restrict __restrict
| #define HAVE_DECL_CLEARERR_UNLOCKED 1
| #define HAVE_DECL_FEOF_UNLOCKED 1
| #define HAVE_DECL_FERROR_UNLOCKED 1
| #define HAVE_DECL_FFLUSH_UNLOCKED 1
| #define HAVE_DECL_FGETS_UNLOCKED 1
| #define HAVE_DECL_FPUTC_UNLOCKED 1
| #define HAVE_DECL_FPUTS_UNLOCKED 1
| #define HAVE_DECL_FREAD_UNLOCKED 1
| #define HAVE_DECL_FWRITE_UNLOCKED 1
| #define HAVE_DECL_GETC_UNLOCKED 1
| #define HAVE_DECL_GETCHAR_UNLOCKED 1
| #define HAVE_DECL_PUTC_UNLOCKED 1
| #define HAVE_DECL_PUTCHAR_UNLOCKED 1
| #define HAVE_MALLOC_POSIX 1
| #define HAVE_MBSTATE_T 1
| #define HAVE_MEMMOVE 1
| #define HAVE_SEARCH_H 1
| #define HAVE_TSEARCH 1
| #define HAVE_ENVIRON_DECL 1
| /* end confdefs.h.  */
| 
| #define __STDC_LIMIT_MACROS 1 /* to make it work also in C++ mode */
| #define __STDC_CONSTANT_MACROS 1 /* to make it work also in C++ mode */
| #define _GL_JUST_INCLUDE_SYSTEM_STDINT_H 1 /* work if build isn't clean */
| #include <stdint.h>
| /* Dragonfly defines WCHAR_MIN, WCHAR_MAX only in <wchar.h>.  */
| #if !(defined WCHAR_MIN && defined WCHAR_MAX)
| #error "WCHAR_MIN, WCHAR_MAX not defined in <stdint.h>"
| #endif
| 
| 
|   /* BSD/OS 4.0.1 has a bug: <stddef.h>, <stdio.h> and <time.h> must be
|      included before <wchar.h>.  */
|   #include <stddef.h>
|   #include <signal.h>
|   #if HAVE_WCHAR_H
|   # include <stdio.h>
|   # include <time.h>
|   # include <wchar.h>
|   #endif
| 
| 
| #ifdef INT8_MAX
| int8_t a1 = INT8_MAX;
| int8_t a1min = INT8_MIN;
| #endif
| #ifdef INT16_MAX
| int16_t a2 = INT16_MAX;
| int16_t a2min = INT16_MIN;
| #endif
| #ifdef INT32_MAX
| int32_t a3 = INT32_MAX;
| int32_t a3min = INT32_MIN;
| #endif
| #ifdef INT64_MAX
| int64_t a4 = INT64_MAX;
| int64_t a4min = INT64_MIN;
| #endif
| #ifdef UINT8_MAX
| uint8_t b1 = UINT8_MAX;
| #else
| typedef int b1[(unsigned char) -1 != 255 ? 1 : -1];
| #endif
| #ifdef UINT16_MAX
| uint16_t b2 = UINT16_MAX;
| #endif
| #ifdef UINT32_MAX
| uint32_t b3 = UINT32_MAX;
| #endif
| #ifdef UINT64_MAX
| uint64_t b4 = UINT64_MAX;
| #endif
| int_least8_t c1 = INT8_C (0x7f);
| int_least8_t c1max = INT_LEAST8_MAX;
| int_least8_t c1min = INT_LEAST8_MIN;
| int_least16_t c2 = INT16_C (0x7fff);
| int_least16_t c2max = INT_LEAST16_MAX;
| int_least16_t c2min = INT_LEAST16_MIN;
| int_least32_t c3 = INT32_C (0x7fffffff);
| int_least32_t c3max = INT_LEAST32_MAX;
| int_least32_t c3min = INT_LEAST32_MIN;
| int_least64_t c4 = INT64_C (0x7fffffffffffffff);
| int_least64_t c4max = INT_LEAST64_MAX;
| int_least64_t c4min = INT_LEAST64_MIN;
| uint_least8_t d1 = UINT8_C (0xff);
| uint_least8_t d1max = UINT_LEAST8_MAX;
| uint_least16_t d2 = UINT16_C (0xffff);
| uint_least16_t d2max = UINT_LEAST16_MAX;
| uint_least32_t d3 = UINT32_C (0xffffffff);
| uint_least32_t d3max = UINT_LEAST32_MAX;
| uint_least64_t d4 = UINT64_C (0xffffffffffffffff);
| uint_least64_t d4max = UINT_LEAST64_MAX;
| int_fast8_t e1 = INT_FAST8_MAX;
| int_fast8_t e1min = INT_FAST8_MIN;
| int_fast16_t e2 = INT_FAST16_MAX;
| int_fast16_t e2min = INT_FAST16_MIN;
| int_fast32_t e3 = INT_FAST32_MAX;
| int_fast32_t e3min = INT_FAST32_MIN;
| int_fast64_t e4 = INT_FAST64_MAX;
| int_fast64_t e4min = INT_FAST64_MIN;
| uint_fast8_t f1 = UINT_FAST8_MAX;
| uint_fast16_t f2 = UINT_FAST16_MAX;
| uint_fast32_t f3 = UINT_FAST32_MAX;
| uint_fast64_t f4 = UINT_FAST64_MAX;
| #ifdef INTPTR_MAX
| intptr_t g = INTPTR_MAX;
| intptr_t gmin = INTPTR_MIN;
| #endif
| #ifdef UINTPTR_MAX
| uintptr_t h = UINTPTR_MAX;
| #endif
| intmax_t i = INTMAX_MAX;
| uintmax_t j = UINTMAX_MAX;
| 
| #include <limits.h> /* for CHAR_BIT */
| #define TYPE_MINIMUM(t)   ((t) ((t) 0 < (t) -1 ? (t) 0 : ~ (t) 0 << (sizeof (t) * CHAR_BIT - 1)))
| #define TYPE_MAXIMUM(t)   ((t) ((t) 0 < (t) -1 ? (t) -1 : ~ (~ (t) 0 << (sizeof (t) * CHAR_BIT - 1))))
| struct s {
|   int check_PTRDIFF:
|       PTRDIFF_MIN == TYPE_MINIMUM (ptrdiff_t)
|       && PTRDIFF_MAX == TYPE_MAXIMUM (ptrdiff_t)
|       ? 1 : -1;
|   /* Detect bug in FreeBSD 6.0 / ia64.  */
|   int check_SIG_ATOMIC:
|       SIG_ATOMIC_MIN == TYPE_MINIMUM (sig_atomic_t)
|       && SIG_ATOMIC_MAX == TYPE_MAXIMUM (sig_atomic_t)
|       ? 1 : -1;
|   int check_SIZE: SIZE_MAX == TYPE_MAXIMUM (size_t) ? 1 : -1;
|   int check_WCHAR:
|       WCHAR_MIN == TYPE_MINIMUM (wchar_t)
|       && WCHAR_MAX == TYPE_MAXIMUM (wchar_t)
|       ? 1 : -1;
|   /* Detect bug in mingw.  */
|   int check_WINT:
|       WINT_MIN == TYPE_MINIMUM (wint_t)
|       && WINT_MAX == TYPE_MAXIMUM (wint_t)
|       ? 1 : -1;
| 
|   /* Detect bugs in glibc 2.4 and Solaris 10 stdint.h, among others.  */
|   int check_UINT8_C:
|         (-1 < UINT8_C (0)) == (-1 < (uint_least8_t) 0) ? 1 : -1;
|   int check_UINT16_C:
|         (-1 < UINT16_C (0)) == (-1 < (uint_least16_t) 0) ? 1 : -1;
| 
|   /* Detect bugs in OpenBSD 3.9 stdint.h.  */
| #ifdef UINT8_MAX
|   int check_uint8: (uint8_t) -1 == UINT8_MAX ? 1 : -1;
| #endif
| #ifdef UINT16_MAX
|   int check_uint16: (uint16_t) -1 == UINT16_MAX ? 1 : -1;
| #endif
| #ifdef UINT32_MAX
|   int check_uint32: (uint32_t) -1 == UINT32_MAX ? 1 : -1;
| #endif
| #ifdef UINT64_MAX
|   int check_uint64: (uint64_t) -1 == UINT64_MAX ? 1 : -1;
| #endif
|   int check_uint_least8: (uint_least8_t) -1 == UINT_LEAST8_MAX ? 1 : -1;
|   int check_uint_least16: (uint_least16_t) -1 == UINT_LEAST16_MAX ? 1 : -1;
|   int check_uint_least32: (uint_least32_t) -1 == UINT_LEAST32_MAX ? 1 : -1;
|   int check_uint_least64: (uint_least64_t) -1 == UINT_LEAST64_MAX ? 1 : -1;
|   int check_uint_fast8: (uint_fast8_t) -1 == UINT_FAST8_MAX ? 1 : -1;
|   int check_uint_fast16: (uint_fast16_t) -1 == UINT_FAST16_MAX ? 1 : -1;
|   int check_uint_fast32: (uint_fast32_t) -1 == UINT_FAST32_MAX ? 1 : -1;
|   int check_uint_fast64: (uint_fast64_t) -1 == UINT_FAST64_MAX ? 1 : -1;
|   int check_uintptr: (uintptr_t) -1 == UINTPTR_MAX ? 1 : -1;
|   int check_uintmax: (uintmax_t) -1 == UINTMAX_MAX ? 1 : -1;
|   int check_size: (size_t) -1 == SIZE_MAX ? 1 : -1;
| };
| 
| int
| main ()
| {
| 
|   ;
|   return 0;
| }
configure:28659: result: no
configure:28681: checking sys/inttypes.h usability
configure:28698: gcc -c -g -O2  conftest.c >&5
conftest.c:123:26: sys/inttypes.h: No such file or directory
configure:28704: $? = 1
configure: failed program was:
| /* confdefs.h.  */
| #define PACKAGE_NAME ""
| #define PACKAGE_TARNAME ""
| #define PACKAGE_VERSION ""
| #define PACKAGE_STRING ""
| #define PACKAGE_BUGREPORT ""
| #define PACKAGE "libiconv"
| #define VERSION "1.12"
| #define _GNU_SOURCE 1
| #define STDC_HEADERS 1
| #define HAVE_SYS_TYPES_H 1
| #define HAVE_SYS_STAT_H 1
| #define HAVE_STDLIB_H 1
| #define HAVE_STRING_H 1
| #define HAVE_MEMORY_H 1
| #define HAVE_STRINGS_H 1
| #define HAVE_INTTYPES_H 1
| #define HAVE_STDINT_H 1
| #define HAVE_UNISTD_H 1
| #define __EXTENSIONS__ 1
| #define _ALL_SOURCE 1
| #define _GNU_SOURCE 1
| #define _POSIX_PTHREAD_SEMANTICS 1
| #define _TANDEM_SOURCE 1
| #define INSTALLPREFIX "/usr/local"
| #define ENABLE_EXTRA 1
| #define HAVE_DLFCN_H 1
| #define HAVE_VISIBILITY 0
| #define HAVE_ICONV 1
| #define ICONV_CONST 
| #define HAVE_ICONV 1
| #define ENABLE_NLS 1
| #define HAVE_GETTEXT 1
| #define HAVE_DCGETTEXT 1
| #define HAVE_MBSTATE_T 1
| #define HAVE_WCHAR_T 1
| #define HAVE_GETC_UNLOCKED 1
| #define HAVE_MBRTOWC 1
| #define HAVE_WCRTOMB 1
| #define HAVE_MBSINIT 1
| #define HAVE_SETLOCALE 1
| #define HAVE_MEMMOVE 1
| #define HAVE_LANGINFO_CODESET 1
| #define HAVE_WCHAR_H 1
| #define WORDS_LITTLEENDIAN 1
| #define HAVE_ALLOCA_H 1
| #define HAVE_ALLOCA 1
| #define HAVE_STDLIB_H 1
| #define HAVE_STRING_H 1
| #define HAVE_SYS_PARAM_H 1
| #define HAVE_UNISTD_H 1
| #define HAVE_STDINT_H 1
| #define HAVE_WCHAR_H 1
| #define HAVE_DECL_CANONICALIZE_FILE_NAME 1
| #define HAVE_CANONICALIZE_FILE_NAME 1
| #define HAVE_GETCWD 1
| #define HAVE_READLINK 1
| #define HAVE_SETENV 1
| #define HAVE_DECL_STRERROR_R 1
| #define HAVE_STRERROR_R 1
| #define STRERROR_R_CHAR_P 1
| #define HAVE_STDLIB_H 1
| #define MALLOC_0_IS_NONNULL 1
| #define HAVE_LONG_LONG_INT 1
| #define HAVE__BOOL 1
| #define HAVE_STDBOOL_H 1
| #define HAVE_UNSIGNED_LONG_LONG_INT 1
| #define HAVE_INCLUDE_NEXT 1
| #define restrict __restrict
| #define HAVE_DECL_CLEARERR_UNLOCKED 1
| #define HAVE_DECL_FEOF_UNLOCKED 1
| #define HAVE_DECL_FERROR_UNLOCKED 1
| #define HAVE_DECL_FFLUSH_UNLOCKED 1
| #define HAVE_DECL_FGETS_UNLOCKED 1
| #define HAVE_DECL_FPUTC_UNLOCKED 1
| #define HAVE_DECL_FPUTS_UNLOCKED 1
| #define HAVE_DECL_FREAD_UNLOCKED 1
| #define HAVE_DECL_FWRITE_UNLOCKED 1
| #define HAVE_DECL_GETC_UNLOCKED 1
| #define HAVE_DECL_GETCHAR_UNLOCKED 1
| #define HAVE_DECL_PUTC_UNLOCKED 1
| #define HAVE_DECL_PUTCHAR_UNLOCKED 1
| #define HAVE_MALLOC_POSIX 1
| #define HAVE_MBSTATE_T 1
| #define HAVE_MEMMOVE 1
| #define HAVE_SEARCH_H 1
| #define HAVE_TSEARCH 1
| #define HAVE_ENVIRON_DECL 1
| /* end confdefs.h.  */
| #include <stdio.h>
| #ifdef HAVE_SYS_TYPES_H
| # include <sys/types.h>
| #endif
| #ifdef HAVE_SYS_STAT_H
| # include <sys/stat.h>
| #endif
| #ifdef STDC_HEADERS
| # include <stdlib.h>
| # include <stddef.h>
| #else
| # ifdef HAVE_STDLIB_H
| #  include <stdlib.h>
| # endif
| #endif
| #ifdef HAVE_STRING_H
| # if !defined STDC_HEADERS && defined HAVE_MEMORY_H
| #  include <memory.h>
| # endif
| # include <string.h>
| #endif
| #ifdef HAVE_STRINGS_H
| # include <strings.h>
| #endif
| #ifdef HAVE_INTTYPES_H
| # include <inttypes.h>
| #endif
| #ifdef HAVE_STDINT_H
| # include <stdint.h>
| #endif
| #ifdef HAVE_UNISTD_H
| # include <unistd.h>
| #endif
| #include <sys/inttypes.h>
configure:28718: result: no
configure:28722: checking sys/inttypes.h presence
configure:28737: gcc -E  conftest.c
conftest.c:90:26: sys/inttypes.h: No such file or directory
configure:28743: $? = 1
configure: failed program was:
| /* confdefs.h.  */
| #define PACKAGE_NAME ""
| #define PACKAGE_TARNAME ""
| #define PACKAGE_VERSION ""
| #define PACKAGE_STRING ""
| #define PACKAGE_BUGREPORT ""
| #define PACKAGE "libiconv"
| #define VERSION "1.12"
| #define _GNU_SOURCE 1
| #define STDC_HEADERS 1
| #define HAVE_SYS_TYPES_H 1
| #define HAVE_SYS_STAT_H 1
| #define HAVE_STDLIB_H 1
| #define HAVE_STRING_H 1
| #define HAVE_MEMORY_H 1
| #define HAVE_STRINGS_H 1
| #define HAVE_INTTYPES_H 1
| #define HAVE_STDINT_H 1
| #define HAVE_UNISTD_H 1
| #define __EXTENSIONS__ 1
| #define _ALL_SOURCE 1
| #define _GNU_SOURCE 1
| #define _POSIX_PTHREAD_SEMANTICS 1
| #define _TANDEM_SOURCE 1
| #define INSTALLPREFIX "/usr/local"
| #define ENABLE_EXTRA 1
| #define HAVE_DLFCN_H 1
| #define HAVE_VISIBILITY 0
| #define HAVE_ICONV 1
| #define ICONV_CONST 
| #define HAVE_ICONV 1
| #define ENABLE_NLS 1
| #define HAVE_GETTEXT 1
| #define HAVE_DCGETTEXT 1
| #define HAVE_MBSTATE_T 1
| #define HAVE_WCHAR_T 1
| #define HAVE_GETC_UNLOCKED 1
| #define HAVE_MBRTOWC 1
| #define HAVE_WCRTOMB 1
| #define HAVE_MBSINIT 1
| #define HAVE_SETLOCALE 1
| #define HAVE_MEMMOVE 1
| #define HAVE_LANGINFO_CODESET 1
| #define HAVE_WCHAR_H 1
| #define WORDS_LITTLEENDIAN 1
| #define HAVE_ALLOCA_H 1
| #define HAVE_ALLOCA 1
| #define HAVE_STDLIB_H 1
| #define HAVE_STRING_H 1
| #define HAVE_SYS_PARAM_H 1
| #define HAVE_UNISTD_H 1
| #define HAVE_STDINT_H 1
| #define HAVE_WCHAR_H 1
| #define HAVE_DECL_CANONICALIZE_FILE_NAME 1
| #define HAVE_CANONICALIZE_FILE_NAME 1
| #define HAVE_GETCWD 1
| #define HAVE_READLINK 1
| #define HAVE_SETENV 1
| #define HAVE_DECL_STRERROR_R 1
| #define HAVE_STRERROR_R 1
| #define STRERROR_R_CHAR_P 1
| #define HAVE_STDLIB_H 1
| #define MALLOC_0_IS_NONNULL 1
| #define HAVE_LONG_LONG_INT 1
| #define HAVE__BOOL 1
| #define HAVE_STDBOOL_H 1
| #define HAVE_UNSIGNED_LONG_LONG_INT 1
| #define HAVE_INCLUDE_NEXT 1
| #define restrict __restrict
| #define HAVE_DECL_CLEARERR_UNLOCKED 1
| #define HAVE_DECL_FEOF_UNLOCKED 1
| #define HAVE_DECL_FERROR_UNLOCKED 1
| #define HAVE_DECL_FFLUSH_UNLOCKED 1
| #define HAVE_DECL_FGETS_UNLOCKED 1
| #define HAVE_DECL_FPUTC_UNLOCKED 1
| #define HAVE_DECL_FPUTS_UNLOCKED 1
| #define HAVE_DECL_FREAD_UNLOCKED 1
| #define HAVE_DECL_FWRITE_UNLOCKED 1
| #define HAVE_DECL_GETC_UNLOCKED 1
| #define HAVE_DECL_GETCHAR_UNLOCKED 1
| #define HAVE_DECL_PUTC_UNLOCKED 1
| #define HAVE_DECL_PUTCHAR_UNLOCKED 1
| #define HAVE_MALLOC_POSIX 1
| #define HAVE_MBSTATE_T 1
| #define HAVE_MEMMOVE 1
| #define HAVE_SEARCH_H 1
| #define HAVE_TSEARCH 1
| #define HAVE_ENVIRON_DECL 1
| /* end confdefs.h.  */
| #include <sys/inttypes.h>
configure:28757: result: no
configure:28785: checking for sys/inttypes.h
configure:28793: result: no
configure:28681: checking sys/bitypes.h usability
configure:28698: gcc -c -g -O2  conftest.c >&5
configure:28704: $? = 0
configure:28718: result: yes
configure:28722: checking sys/bitypes.h presence
configure:28737: gcc -E  conftest.c
configure:28743: $? = 0
configure:28757: result: yes
configure:28785: checking for sys/bitypes.h
configure:28793: result: yes
configure:28835: checking for bit size of ptrdiff_t
configure:29189: gcc -o conftest -g -O2   conftest.c  >&5
configure:29192: $? = 0
configure:29198: ./conftest
configure:29201: $? = 0
configure:29219: result: 32
configure:28835: checking for bit size of sig_atomic_t
configure:29189: gcc -o conftest -g -O2   conftest.c  >&5
configure:29192: $? = 0
configure:29198: ./conftest
configure:29201: $? = 0
configure:29219: result: 32
configure:28835: checking for bit size of size_t
configure:29189: gcc -o conftest -g -O2   conftest.c  >&5
configure:29192: $? = 0
configure:29198: ./conftest
configure:29201: $? = 0
configure:29219: result: 32
configure:28835: checking for bit size of wchar_t
configure:29189: gcc -o conftest -g -O2   conftest.c  >&5
configure:29192: $? = 0
configure:29198: ./conftest
configure:29201: $? = 0
configure:29219: result: 32
configure:28835: checking for bit size of wint_t
configure:29189: gcc -o conftest -g -O2   conftest.c  >&5
configure:29192: $? = 0
configure:29198: ./conftest
configure:29201: $? = 0
configure:29219: result: 32
configure:29240: checking whether sig_atomic_t is signed
configure:29277: gcc -c -g -O2  conftest.c >&5
configure:29283: $? = 0
configure:29301: result: yes
configure:29240: checking whether wchar_t is signed
configure:29277: gcc -c -g -O2  conftest.c >&5
configure:29283: $? = 0
configure:29301: result: yes
configure:29240: checking whether wint_t is signed
configure:29277: gcc -c -g -O2  conftest.c >&5
conftest.c:109: size of array `verify' is negative
configure:29283: $? = 1
configure: failed program was:
| /* confdefs.h.  */
| #define PACKAGE_NAME ""
| #define PACKAGE_TARNAME ""
| #define PACKAGE_VERSION ""
| #define PACKAGE_STRING ""
| #define PACKAGE_BUGREPORT ""
| #define PACKAGE "libiconv"
| #define VERSION "1.12"
| #define _GNU_SOURCE 1
| #define STDC_HEADERS 1
| #define HAVE_SYS_TYPES_H 1
| #define HAVE_SYS_STAT_H 1
| #define HAVE_STDLIB_H 1
| #define HAVE_STRING_H 1
| #define HAVE_MEMORY_H 1
| #define HAVE_STRINGS_H 1
| #define HAVE_INTTYPES_H 1
| #define HAVE_STDINT_H 1
| #define HAVE_UNISTD_H 1
| #define __EXTENSIONS__ 1
| #define _ALL_SOURCE 1
| #define _GNU_SOURCE 1
| #define _POSIX_PTHREAD_SEMANTICS 1
| #define _TANDEM_SOURCE 1
| #define INSTALLPREFIX "/usr/local"
| #define ENABLE_EXTRA 1
| #define HAVE_DLFCN_H 1
| #define HAVE_VISIBILITY 0
| #define HAVE_ICONV 1
| #define ICONV_CONST 
| #define HAVE_ICONV 1
| #define ENABLE_NLS 1
| #define HAVE_GETTEXT 1
| #define HAVE_DCGETTEXT 1
| #define HAVE_MBSTATE_T 1
| #define HAVE_WCHAR_T 1
| #define HAVE_GETC_UNLOCKED 1
| #define HAVE_MBRTOWC 1
| #define HAVE_WCRTOMB 1
| #define HAVE_MBSINIT 1
| #define HAVE_SETLOCALE 1
| #define HAVE_MEMMOVE 1
| #define HAVE_LANGINFO_CODESET 1
| #define HAVE_WCHAR_H 1
| #define WORDS_LITTLEENDIAN 1
| #define HAVE_ALLOCA_H 1
| #define HAVE_ALLOCA 1
| #define HAVE_STDLIB_H 1
| #define HAVE_STRING_H 1
| #define HAVE_SYS_PARAM_H 1
| #define HAVE_UNISTD_H 1
| #define HAVE_STDINT_H 1
| #define HAVE_WCHAR_H 1
| #define HAVE_DECL_CANONICALIZE_FILE_NAME 1
| #define HAVE_CANONICALIZE_FILE_NAME 1
| #define HAVE_GETCWD 1
| #define HAVE_READLINK 1
| #define HAVE_SETENV 1
| #define HAVE_DECL_STRERROR_R 1
| #define HAVE_STRERROR_R 1
| #define STRERROR_R_CHAR_P 1
| #define HAVE_STDLIB_H 1
| #define MALLOC_0_IS_NONNULL 1
| #define HAVE_LONG_LONG_INT 1
| #define HAVE__BOOL 1
| #define HAVE_STDBOOL_H 1
| #define HAVE_UNSIGNED_LONG_LONG_INT 1
| #define HAVE_INCLUDE_NEXT 1
| #define restrict __restrict
| #define HAVE_DECL_CLEARERR_UNLOCKED 1
| #define HAVE_DECL_FEOF_UNLOCKED 1
| #define HAVE_DECL_FERROR_UNLOCKED 1
| #define HAVE_DECL_FFLUSH_UNLOCKED 1
| #define HAVE_DECL_FGETS_UNLOCKED 1
| #define HAVE_DECL_FPUTC_UNLOCKED 1
| #define HAVE_DECL_FPUTS_UNLOCKED 1
| #define HAVE_DECL_FREAD_UNLOCKED 1
| #define HAVE_DECL_FWRITE_UNLOCKED 1
| #define HAVE_DECL_GETC_UNLOCKED 1
| #define HAVE_DECL_GETCHAR_UNLOCKED 1
| #define HAVE_DECL_PUTC_UNLOCKED 1
| #define HAVE_DECL_PUTCHAR_UNLOCKED 1
| #define HAVE_MALLOC_POSIX 1
| #define HAVE_MBSTATE_T 1
| #define HAVE_MEMMOVE 1
| #define HAVE_SEARCH_H 1
| #define HAVE_TSEARCH 1
| #define HAVE_ENVIRON_DECL 1
| #define HAVE_SYS_BITYPES_H 1
| #define BITSIZEOF_PTRDIFF_T 32
| #define BITSIZEOF_SIG_ATOMIC_T 32
| #define BITSIZEOF_SIZE_T 32
| #define BITSIZEOF_WCHAR_T 32
| #define BITSIZEOF_WINT_T 32
| #define HAVE_SIGNED_SIG_ATOMIC_T 1
| #define HAVE_SIGNED_WCHAR_T 1
| /* end confdefs.h.  */
| 
|   /* BSD/OS 4.0.1 has a bug: <stddef.h>, <stdio.h> and <time.h> must be
|      included before <wchar.h>.  */
|   #include <stddef.h>
|   #include <signal.h>
|   #if HAVE_WCHAR_H
|   # include <stdio.h>
|   # include <time.h>
|   # include <wchar.h>
|   #endif
| 
|             int verify[2 * ((wint_t) -1 < (wint_t) 0) - 1];
| int
| main ()
| {
| 
|   ;
|   return 0;
| }
configure:29301: result: no
configure:29327: checking for ptrdiff_t integer literal suffix
configure:29383: gcc -c -g -O2  conftest.c >&5
configure:29389: $? = 0
configure:29408: result: 
configure:29327: checking for sig_atomic_t integer literal suffix
configure:29383: gcc -c -g -O2  conftest.c >&5
configure:29389: $? = 0
configure:29408: result: 
configure:29327: checking for size_t integer literal suffix
configure:29383: gcc -c -g -O2  conftest.c >&5
configure:29389: $? = 0
configure:29408: result: u
configure:29327: checking for wchar_t integer literal suffix
configure:29383: gcc -c -g -O2  conftest.c >&5
conftest.c:113: conflicting types for `foo'
conftest.c:112: previous declaration of `foo'
configure:29389: $? = 1
configure: failed program was:
| /* confdefs.h.  */
| #define PACKAGE_NAME ""
| #define PACKAGE_TARNAME ""
| #define PACKAGE_VERSION ""
| #define PACKAGE_STRING ""
| #define PACKAGE_BUGREPORT ""
| #define PACKAGE "libiconv"
| #define VERSION "1.12"
| #define _GNU_SOURCE 1
| #define STDC_HEADERS 1
| #define HAVE_SYS_TYPES_H 1
| #define HAVE_SYS_STAT_H 1
| #define HAVE_STDLIB_H 1
| #define HAVE_STRING_H 1
| #define HAVE_MEMORY_H 1
| #define HAVE_STRINGS_H 1
| #define HAVE_INTTYPES_H 1
| #define HAVE_STDINT_H 1
| #define HAVE_UNISTD_H 1
| #define __EXTENSIONS__ 1
| #define _ALL_SOURCE 1
| #define _GNU_SOURCE 1
| #define _POSIX_PTHREAD_SEMANTICS 1
| #define _TANDEM_SOURCE 1
| #define INSTALLPREFIX "/usr/local"
| #define ENABLE_EXTRA 1
| #define HAVE_DLFCN_H 1
| #define HAVE_VISIBILITY 0
| #define HAVE_ICONV 1
| #define ICONV_CONST 
| #define HAVE_ICONV 1
| #define ENABLE_NLS 1
| #define HAVE_GETTEXT 1
| #define HAVE_DCGETTEXT 1
| #define HAVE_MBSTATE_T 1
| #define HAVE_WCHAR_T 1
| #define HAVE_GETC_UNLOCKED 1
| #define HAVE_MBRTOWC 1
| #define HAVE_WCRTOMB 1
| #define HAVE_MBSINIT 1
| #define HAVE_SETLOCALE 1
| #define HAVE_MEMMOVE 1
| #define HAVE_LANGINFO_CODESET 1
| #define HAVE_WCHAR_H 1
| #define WORDS_LITTLEENDIAN 1
| #define HAVE_ALLOCA_H 1
| #define HAVE_ALLOCA 1
| #define HAVE_STDLIB_H 1
| #define HAVE_STRING_H 1
| #define HAVE_SYS_PARAM_H 1
| #define HAVE_UNISTD_H 1
| #define HAVE_STDINT_H 1
| #define HAVE_WCHAR_H 1
| #define HAVE_DECL_CANONICALIZE_FILE_NAME 1
| #define HAVE_CANONICALIZE_FILE_NAME 1
| #define HAVE_GETCWD 1
| #define HAVE_READLINK 1
| #define HAVE_SETENV 1
| #define HAVE_DECL_STRERROR_R 1
| #define HAVE_STRERROR_R 1
| #define STRERROR_R_CHAR_P 1
| #define HAVE_STDLIB_H 1
| #define MALLOC_0_IS_NONNULL 1
| #define HAVE_LONG_LONG_INT 1
| #define HAVE__BOOL 1
| #define HAVE_STDBOOL_H 1
| #define HAVE_UNSIGNED_LONG_LONG_INT 1
| #define HAVE_INCLUDE_NEXT 1
| #define restrict __restrict
| #define HAVE_DECL_CLEARERR_UNLOCKED 1
| #define HAVE_DECL_FEOF_UNLOCKED 1
| #define HAVE_DECL_FERROR_UNLOCKED 1
| #define HAVE_DECL_FFLUSH_UNLOCKED 1
| #define HAVE_DECL_FGETS_UNLOCKED 1
| #define HAVE_DECL_FPUTC_UNLOCKED 1
| #define HAVE_DECL_FPUTS_UNLOCKED 1
| #define HAVE_DECL_FREAD_UNLOCKED 1
| #define HAVE_DECL_FWRITE_UNLOCKED 1
| #define HAVE_DECL_GETC_UNLOCKED 1
| #define HAVE_DECL_GETCHAR_UNLOCKED 1
| #define HAVE_DECL_PUTC_UNLOCKED 1
| #define HAVE_DECL_PUTCHAR_UNLOCKED 1
| #define HAVE_MALLOC_POSIX 1
| #define HAVE_MBSTATE_T 1
| #define HAVE_MEMMOVE 1
| #define HAVE_SEARCH_H 1
| #define HAVE_TSEARCH 1
| #define HAVE_ENVIRON_DECL 1
| #define HAVE_SYS_BITYPES_H 1
| #define BITSIZEOF_PTRDIFF_T 32
| #define BITSIZEOF_SIG_ATOMIC_T 32
| #define BITSIZEOF_SIZE_T 32
| #define BITSIZEOF_WCHAR_T 32
| #define BITSIZEOF_WINT_T 32
| #define HAVE_SIGNED_SIG_ATOMIC_T 1
| #define HAVE_SIGNED_WCHAR_T 1
| #define PTRDIFF_T_SUFFIX 
| #define SIG_ATOMIC_T_SUFFIX 
| #define SIZE_T_SUFFIX u
| /* end confdefs.h.  */
| 
|   /* BSD/OS 4.0.1 has a bug: <stddef.h>, <stdio.h> and <time.h> must be
|      included before <wchar.h>.  */
|   #include <stddef.h>
|   #include <signal.h>
|   #if HAVE_WCHAR_H
|   # include <stdio.h>
|   # include <time.h>
|   # include <wchar.h>
|   #endif
| 
|               extern wchar_t foo;
|               extern int foo;
| int
| main ()
| {
| 
|   ;
|   return 0;
| }
configure:29383: gcc -c -g -O2  conftest.c >&5
configure:29389: $? = 0
configure:29408: result: l
configure:29327: checking for wint_t integer literal suffix
configure:29383: gcc -c -g -O2  conftest.c >&5
configure:29389: $? = 0
configure:29408: result: u
configure:29632: checking whether <wchar.h> is standalone
configure:29647: gcc -c -g -O2  conftest.c >&5
configure:29653: $? = 0
configure:29668: result: yes
configure:30064: creating ./config.status

## ---------------------- ##
## Running config.status. ##
## ---------------------- ##

This file was extended by config.status, which was
generated by GNU Autoconf 2.61.  Invocation command line was

  CONFIG_FILES    = 
  CONFIG_HEADERS  = 
  CONFIG_LINKS    = 
  CONFIG_COMMANDS = 
  $ ./config.status 

on vectra.akaneiro.jp

config.status:851: creating Makefile
config.status:851: creating lib/Makefile
config.status:851: creating srclib/Makefile
config.status:851: creating src/Makefile
config.status:851: creating po/Makefile.in
config.status:851: creating man/Makefile
config.status:851: creating tests/Makefile
config.status:851: creating include/iconv.h
config.status:851: creating include/iconv.h.inst
config.status:851: creating config.h
config.status:851: creating lib/config.h
config.status:1223: executing depfiles commands
config.status:1223: executing po-directories commands
configure:31740: === configuring in libcharset (/tmp/ww/p4b/libiconv-1.12/libcharset)
configure:31843: running /bin/sh ./configure '--prefix=/usr/local'  '--enable-extra-encodings' --cache-file=/dev/null --srcdir=.

## ---------------- ##
## Cache variables. ##
## ---------------- ##

ac_cv_build=i686-pc-linux-gnu
ac_cv_c_compiler_gnu=yes
ac_cv_c_restrict=__restrict
ac_cv_cxx_compiler_gnu=yes
ac_cv_decl_EILSEQ=yes
ac_cv_env_CCC_set=
ac_cv_env_CCC_value=
ac_cv_env_CC_set=
ac_cv_env_CC_value=
ac_cv_env_CFLAGS_set=
ac_cv_env_CFLAGS_value=
ac_cv_env_CPPFLAGS_set=
ac_cv_env_CPPFLAGS_value=
ac_cv_env_CPP_set=
ac_cv_env_CPP_value=
ac_cv_env_CXXCPP_set=
ac_cv_env_CXXCPP_value=
ac_cv_env_CXXFLAGS_set=
ac_cv_env_CXXFLAGS_value=
ac_cv_env_CXX_set=
ac_cv_env_CXX_value=
ac_cv_env_F77_set=
ac_cv_env_F77_value=
ac_cv_env_FFLAGS_set=
ac_cv_env_FFLAGS_value=
ac_cv_env_LDFLAGS_set=
ac_cv_env_LDFLAGS_value=
ac_cv_env_LIBS_set=
ac_cv_env_LIBS_value=
ac_cv_env_build_alias_set=
ac_cv_env_build_alias_value=
ac_cv_env_host_alias_set=
ac_cv_env_host_alias_value=
ac_cv_env_target_alias_set=
ac_cv_env_target_alias_value=
ac_cv_f77_compiler_gnu=yes
ac_cv_func_alloca_works=yes
ac_cv_func_canonicalize_file_name=yes
ac_cv_func_getc_unlocked=yes
ac_cv_func_getcwd=yes
ac_cv_func_malloc_0_nonnull=yes
ac_cv_func_mbrtowc=yes
ac_cv_func_mbsinit=yes
ac_cv_func_memmove=yes
ac_cv_func_readlink=yes
ac_cv_func_setenv=yes
ac_cv_func_setlocale=yes
ac_cv_func_strerror_r=yes
ac_cv_func_strerror_r_char_p=yes
ac_cv_func_tsearch=yes
ac_cv_func_wcrtomb=yes
ac_cv_have_decl_canonicalize_file_name=yes
ac_cv_have_decl_clearerr_unlocked=yes
ac_cv_have_decl_feof_unlocked=yes
ac_cv_have_decl_ferror_unlocked=yes
ac_cv_have_decl_fflush_unlocked=yes
ac_cv_have_decl_fgets_unlocked=yes
ac_cv_have_decl_fputc_unlocked=yes
ac_cv_have_decl_fputs_unlocked=yes
ac_cv_have_decl_fread_unlocked=yes
ac_cv_have_decl_fwrite_unlocked=yes
ac_cv_have_decl_getc_unlocked=yes
ac_cv_have_decl_getchar_unlocked=yes
ac_cv_have_decl_putc_unlocked=yes
ac_cv_have_decl_putchar_unlocked=yes
ac_cv_have_decl_strerror_r=yes
ac_cv_header_dlfcn_h=yes
ac_cv_header_inttypes_h=yes
ac_cv_header_memory_h=yes
ac_cv_header_minix_config_h=no
ac_cv_header_search_h=yes
ac_cv_header_stdbool_h=yes
ac_cv_header_stdc=yes
ac_cv_header_stdint_h=yes
ac_cv_header_stdlib_h=yes
ac_cv_header_string_h=yes
ac_cv_header_strings_h=yes
ac_cv_header_sys_bitypes_h=yes
ac_cv_header_sys_inttypes_h=no
ac_cv_header_sys_param_h=yes
ac_cv_header_sys_stat_h=yes
ac_cv_header_sys_types_h=yes
ac_cv_header_unistd_h=yes
ac_cv_header_wchar_h=yes
ac_cv_host=i686-pc-linux-gnu
ac_cv_lib_error_at_line=yes
ac_cv_objext=o
ac_cv_path_EGREP='/bin/grep -E'
ac_cv_path_GMSGFMT=/usr/local/bin/msgfmt
ac_cv_path_GREP=/bin/grep
ac_cv_path_MSGFMT=/usr/local/bin/msgfmt
ac_cv_path_MSGMERGE=/usr/local/bin/msgmerge
ac_cv_path_XGETTEXT=/usr/local/bin/xgettext
ac_cv_path_install='/usr/bin/install -c'
ac_cv_path_mkdir=/bin/mkdir
ac_cv_prog_AWK=gawk
ac_cv_prog_CPP='gcc -E'
ac_cv_prog_CXXCPP='g++ -E'
ac_cv_prog_ac_ct_AR=ar
ac_cv_prog_ac_ct_CC=gcc
ac_cv_prog_ac_ct_CXX=g++
ac_cv_prog_ac_ct_F77=g77
ac_cv_prog_ac_ct_RANLIB=ranlib
ac_cv_prog_ac_ct_STRIP=strip
ac_cv_prog_cc_c89=
ac_cv_prog_cc_g=yes
ac_cv_prog_cc_gcc_c_o=yes
ac_cv_prog_cxx_g=yes
ac_cv_prog_f77_g=yes
ac_cv_prog_make_make_set=yes
ac_cv_safe_to_define___extensions__=yes
ac_cv_type__Bool=yes
ac_cv_type_long_long_int=yes
ac_cv_type_mbstate_t=yes
ac_cv_type_unsigned_long_long_int=yes
ac_cv_working_alloca_h=yes
acl_cv_hardcode_direct=no
acl_cv_hardcode_libdir_flag_spec='${wl}-rpath ${wl}$libdir'
acl_cv_hardcode_libdir_separator=
acl_cv_hardcode_minus_L=no
acl_cv_libext=a
acl_cv_libname_spec='lib$name'
acl_cv_libpath=LD_LIBRARY_PATH
acl_cv_library_names_spec='$libname$shrext'
acl_cv_path_LD=/usr/bin/ld
acl_cv_prog_gnu_ld=yes
acl_cv_rpath=done
acl_cv_shlibext=so
acl_cv_shlibpath_var=LD_LIBRARY_PATH
acl_cv_wl=-Wl,
am_cv_CC_dependencies_compiler_type=none
am_cv_CXX_dependencies_compiler_type=none
am_cv_func_iconv=yes
am_cv_func_iconv_works=yes
am_cv_langinfo_codeset=yes
am_cv_lib_iconv=yes
am_cv_proto_iconv='extern size_t iconv (iconv_t cd, char * *inbuf, size_t *inbytesleft, char * *outbuf, size_t *outbytesleft);'
am_cv_proto_iconv_arg1=
cl_cv_prog_LN=ln
cl_cv_prog_cp='cp -p'
cl_cv_sys_endian='little endian'
gl_cv_bitsizeof_ptrdiff_t=32
gl_cv_bitsizeof_sig_atomic_t=32
gl_cv_bitsizeof_size_t=32
gl_cv_bitsizeof_wchar_t=32
gl_cv_bitsizeof_wint_t=32
gl_cv_cc_visibility=no
gl_cv_func_malloc_0_nonnull=1
gl_cv_func_malloc_posix=yes
gl_cv_func_working_strerror=yes
gl_cv_have_include_next=yes
gl_cv_header_wchar_h_standalone=yes
gl_cv_header_working_stdint_h=no
gl_cv_next_stdint_h='<stdint.h>'
gl_cv_next_stdlib_h='<stdlib.h>'
gl_cv_next_string_h='<string.h>'
gl_cv_next_unistd_h='<unistd.h>'
gl_cv_next_wchar_h='<wchar.h>'
gl_cv_type_ptrdiff_t_signed=yes
gl_cv_type_ptrdiff_t_suffix=
gl_cv_type_sig_atomic_t_signed=yes
gl_cv_type_sig_atomic_t_suffix=
gl_cv_type_size_t_signed=no
gl_cv_type_size_t_suffix=u
gl_cv_type_wchar_t_signed=yes
gl_cv_type_wchar_t_suffix=l
gl_cv_type_wint_t_signed=no
gl_cv_type_wint_t_suffix=u
gt_cv_c_wchar_t=yes
gt_cv_func_CFLocaleCopyCurrent=no
gt_cv_func_CFPreferencesCopyAppValue=no
gt_cv_func_gnugettext2_libc=no
gt_cv_func_gnugettext2_libintl=yes
gt_cv_ssize_t=yes
gt_cv_var_environ_declaration=yes
lt_cv_deplibs_check_method=pass_all
lt_cv_file_magic_cmd='$MAGIC_CMD'
lt_cv_file_magic_test_file=
lt_cv_ld_reload_flag=-r
lt_cv_objdir=.libs
lt_cv_path_LD=/usr/bin/ld
lt_cv_path_LDCXX=/usr/bin/ld
lt_cv_path_NM='/usr/bin/nm -B'
lt_cv_path_SED=/bin/sed
lt_cv_prog_compiler_c_o=yes
lt_cv_prog_compiler_c_o_CXX=yes
lt_cv_prog_compiler_c_o_F77=yes
lt_cv_prog_compiler_rtti_exceptions=yes
lt_cv_prog_gnu_ld=yes
lt_cv_prog_gnu_ldcxx=yes
lt_cv_sys_global_symbol_pipe='sed -n -e '\''s/^.*[ 	]\([ABCDGIRSTW][ABCDGIRSTW]*\)[ 	][ 	]*\([_A-Za-z][_A-Za-z0-9]*\)$/\1 \2 \2/p'\'''
lt_cv_sys_global_symbol_to_c_name_address='sed -n -e '\''s/^: \([^ ]*\) $/  {\"\1\", (lt_ptr) 0},/p'\'' -e '\''s/^[BCDEGRST] \([^ ]*\) \([^ ]*\)$/  {"\2", (lt_ptr) \&\2},/p'\'''
lt_cv_sys_global_symbol_to_cdecl='sed -n -e '\''s/^. .* \(.*\)$/extern int \1;/p'\'''
lt_cv_sys_max_cmd_len=98304
lt_lt_cv_prog_compiler_c_o='"yes"'
lt_lt_cv_prog_compiler_c_o_CXX='"yes"'
lt_lt_cv_prog_compiler_c_o_F77='"yes"'
lt_lt_cv_sys_global_symbol_pipe='"sed -n -e '\''s/^.*[ 	]\\([ABCDGIRSTW][ABCDGIRSTW]*\\)[ 	][ 	]*\\([_A-Za-z][_A-Za-z0-9]*\\)\$/\\1 \\2 \\2/p'\''"'
lt_lt_cv_sys_global_symbol_to_c_name_address='"sed -n -e '\''s/^: \\([^ ]*\\) \$/  {\\\"\\1\\\", (lt_ptr) 0},/p'\'' -e '\''s/^[BCDEGRST] \\([^ ]*\\) \\([^ ]*\\)\$/  {\"\\2\", (lt_ptr) \\&\\2},/p'\''"'
lt_lt_cv_sys_global_symbol_to_cdecl='"sed -n -e '\''s/^. .* \\(.*\\)\$/extern int \\1;/p'\''"'

## ----------------- ##
## Output variables. ##
## ----------------- ##

ACLOCAL='${SHELL} /tmp/ww/p4b/libiconv-1.12/build-aux/missing --run aclocal-1.10'
ALLOCA=''
ALLOCA_H='alloca.h'
AMDEPBACKSLASH='\'
AMDEP_FALSE='#'
AMDEP_TRUE=''
AMTAR='${SHELL} /tmp/ww/p4b/libiconv-1.12/build-aux/missing --run tar'
AR='ar'
AS='as'
AUTOCONF='${SHELL} /tmp/ww/p4b/libiconv-1.12/build-aux/missing --run autoconf'
AUTOHEADER='${SHELL} /tmp/ww/p4b/libiconv-1.12/build-aux/missing --run autoheader'
AUTOMAKE='${SHELL} /tmp/ww/p4b/libiconv-1.12/build-aux/missing --run automake-1.10'
AWK='gawk'
BITSIZEOF_PTRDIFF_T='32'
BITSIZEOF_SIG_ATOMIC_T='32'
BITSIZEOF_SIZE_T='32'
BITSIZEOF_WCHAR_T='32'
BITSIZEOF_WINT_T='32'
CC='gcc'
CCDEPMODE='depmode=none'
CFLAGS='-g -O2'
CFLAG_VISIBILITY=''
CP='cp -p'
CPP='gcc -E'
CPPFLAGS=''
CXX='g++'
CXXCPP='g++ -E'
CXXDEPMODE='depmode=none'
CXXFLAGS='-g -O2'
CYGPATH_W='echo'
DEFS='-DHAVE_CONFIG_H'
DEPDIR='.deps'
DLLTOOL='dlltool'
DLL_VARIABLE=''
ECHO='echo'
ECHO_C=''
ECHO_N='-n'
ECHO_T=''
EGREP='/bin/grep -E'
EILSEQ=''
EXEEXT=''
F77='g77'
FFLAGS='-g -O2'
GCC='yes'
GETTEXT_MACRO_VERSION='0.17'
GL_COND_LIBTOOL_FALSE=''
GL_COND_LIBTOOL_TRUE='#'
GMSGFMT='/usr/local/bin/msgfmt'
GMSGFMT_015=':'
GNULIB_CALLOC_POSIX='0'
GNULIB_CHOWN='0'
GNULIB_DUP2='0'
GNULIB_FCHDIR='0'
GNULIB_FTRUNCATE='0'
GNULIB_GETCWD='0'
GNULIB_GETLOGIN_R='0'
GNULIB_GETSUBOPT='0'
GNULIB_LCHOWN='0'
GNULIB_LSEEK='0'
GNULIB_MALLOC_POSIX='1'
GNULIB_MBSCASECMP='0'
GNULIB_MBSCASESTR='0'
GNULIB_MBSCHR='0'
GNULIB_MBSCSPN='0'
GNULIB_MBSLEN='0'
GNULIB_MBSNCASECMP='0'
GNULIB_MBSNLEN='0'
GNULIB_MBSPBRK='0'
GNULIB_MBSPCASECMP='0'
GNULIB_MBSRCHR='0'
GNULIB_MBSSEP='0'
GNULIB_MBSSPN='0'
GNULIB_MBSSTR='0'
GNULIB_MBSTOK_R='0'
GNULIB_MEMMEM='0'
GNULIB_MEMPCPY='0'
GNULIB_MEMRCHR='0'
GNULIB_MKDTEMP='0'
GNULIB_MKSTEMP='0'
GNULIB_PUTENV='0'
GNULIB_READLINK='1'
GNULIB_REALLOC_POSIX='0'
GNULIB_SLEEP='0'
GNULIB_STPCPY='0'
GNULIB_STPNCPY='0'
GNULIB_STRCASESTR='0'
GNULIB_STRCHRNUL='0'
GNULIB_STRDUP='0'
GNULIB_STRERROR='1'
GNULIB_STRNDUP='0'
GNULIB_STRNLEN='0'
GNULIB_STRPBRK='0'
GNULIB_STRSEP='0'
GNULIB_STRTOK_R='0'
GNULIB_WCWIDTH='0'
GREP='/bin/grep'
HAVE_CALLOC_POSIX='1'
HAVE_DECL_GETLOGIN_R='1'
HAVE_DECL_MEMMEM='1'
HAVE_DECL_MEMRCHR='1'
HAVE_DECL_STRDUP='1'
HAVE_DECL_STRERROR='1'
HAVE_DECL_STRNCASECMP='1'
HAVE_DECL_STRNDUP='1'
HAVE_DECL_STRNLEN='1'
HAVE_DECL_STRTOK_R='1'
HAVE_DECL_WCWIDTH='1'
HAVE_DUP2='1'
HAVE_FTRUNCATE='1'
HAVE_GETSUBOPT='1'
HAVE_INTTYPES_H='1'
HAVE_LONG_LONG_INT='1'
HAVE_MALLOC_POSIX='1'
HAVE_MEMPCPY='1'
HAVE_MKDTEMP='1'
HAVE_READLINK='1'
HAVE_REALLOC_POSIX='1'
HAVE_SIGNED_SIG_ATOMIC_T='1'
HAVE_SIGNED_WCHAR_T='1'
HAVE_SIGNED_WINT_T='0'
HAVE_SLEEP='1'
HAVE_STDINT_H='1'
HAVE_STPCPY='1'
HAVE_STPNCPY='1'
HAVE_STRCASECMP='1'
HAVE_STRCASESTR='1'
HAVE_STRCHRNUL='1'
HAVE_STRNDUP='1'
HAVE_STRPBRK='1'
HAVE_STRSEP='1'
HAVE_SYS_BITYPES_H='1'
HAVE_SYS_INTTYPES_H='0'
HAVE_SYS_TYPES_H='1'
HAVE_UNISTD_H='1'
HAVE_UNSIGNED_LONG_LONG_INT='1'
HAVE_VISIBILITY='0'
HAVE_WCHAR_H='1'
HAVE_WCHAR_T='1'
HAVE__BOOL='1'
ICONV_CONST=''
INCLUDE_NEXT='include_next'
INSTALL_DATA='${INSTALL} -m 644'
INSTALL_PROGRAM='${INSTALL}'
INSTALL_PROGRAM_ENV=''
INSTALL_SCRIPT='${INSTALL}'
INSTALL_STRIP_PROGRAM='$(install_sh) -c -s'
INTLLIBS='/usr/local/lib/libintl.so /usr/local/lib/libiconv.so -lc -Wl,-rpath -Wl,/usr/local/lib'
INTL_MACOSX_LIBS=''
LDFLAGS=''
LIBICONV='/usr/local/lib/libiconv.so -Wl,-rpath -Wl,/usr/local/lib'
LIBICRT_LIBDEPS=''
LIBICRT_LTLIBDEPS=''
LIBINTL='/usr/local/lib/libintl.so /usr/local/lib/libiconv.so -lc -Wl,-rpath -Wl,/usr/local/lib'
LIBOBJS=''
LIBS=''
LIBTOOL='$(SHELL) $(top_builddir)/libtool'
LN='ln'
LN_S='ln -s'
LTLIBICONV='-L/usr/local/lib -liconv -R/usr/local/lib'
LTLIBINTL='-L/usr/local/lib -lintl -L/usr/local/lib -liconv -lc -R/usr/local/lib'
LTLIBOBJS=''
MAKEINFO='${SHELL} /tmp/ww/p4b/libiconv-1.12/build-aux/missing --run makeinfo'
MSGFMT='/usr/local/bin/msgfmt'
MSGFMT_015=':'
MSGMERGE='/usr/local/bin/msgmerge'
NEXT_STDINT_H='<stdint.h>'
NEXT_STDLIB_H='<stdlib.h>'
NEXT_STRING_H='<string.h>'
NEXT_UNISTD_H='<unistd.h>'
NEXT_WCHAR_H='<wchar.h>'
OBJDUMP='objdump'
OBJEXT='o'
OS='linux'
PACKAGE='libiconv'
PACKAGE_BUGREPORT=''
PACKAGE_NAME=''
PACKAGE_STRING=''
PACKAGE_TARNAME=''
PACKAGE_VERSION=''
PATH_SEPARATOR=':'
PLUGLIB='preloadable_libiconv.so'
POSUB='po'
PTRDIFF_T_SUFFIX=''
RANLIB='ranlib'
RELOCATABLE='no'
RELOCATABLE_BUILD_DIR='$(top_builddir)/srclib'
RELOCATABLE_CONFIG_H_DIR='$(top_builddir)'
RELOCATABLE_LDFLAGS=''
RELOCATABLE_LIBRARY_PATH=''
RELOCATABLE_SRC_DIR='$(top_srcdir)/srclib'
RELOCATABLE_VIA_LD_FALSE=''
RELOCATABLE_VIA_LD_TRUE='#'
REPLACE_CHOWN='0'
REPLACE_FCHDIR='0'
REPLACE_GETCWD='0'
REPLACE_LCHOWN='0'
REPLACE_LSEEK='0'
REPLACE_MKSTEMP='0'
REPLACE_PUTENV='0'
REPLACE_STRERROR='0'
REPLACE_WCWIDTH='0'
SED='/bin/sed'
SET_MAKE=''
SHELL='/bin/sh'
SIG_ATOMIC_T_SUFFIX=''
SIZE_T_SUFFIX='u'
SRCLIBOBJS=''
STDBOOL_H=''
STDINT_H='stdint.h'
STRIP='strip'
USE_EXTRA_ENCODINGS='yes'
USE_NLS='yes'
VERSION='1.12'
WCHAR_H=''
WCHAR_T_SUFFIX='l'
WINDRES=''
WINT_T_SUFFIX='u'
WOE32='no'
WOE32DLL='no'
XGETTEXT='/usr/local/bin/xgettext'
XGETTEXT_015=':'
XGETTEXT_EXTRA_OPTIONS=' --flag=error:3:c-format --flag=error_at_line:5:c-format'
ac_ct_CC='gcc'
ac_ct_CXX='g++'
ac_ct_F77='g77'
am__fastdepCC_FALSE=''
am__fastdepCC_TRUE='#'
am__fastdepCXX_FALSE=''
am__fastdepCXX_TRUE='#'
am__include='include'
am__isrc=''
am__leading_dot='.'
am__quote=''
am__tar='${AMTAR} chof - "$$tardir"'
am__untar='${AMTAR} xf -'
bindir='${exec_prefix}/bin'
build='i686-pc-linux-gnu'
build_alias=''
build_cpu='i686'
build_os='linux-gnu'
build_vendor='pc'
datadir='${datarootdir}'
datarootdir='${prefix}/share'
docdir='${datarootdir}/doc/${PACKAGE}'
dvidir='${docdir}'
exec_prefix='${prefix}'
gl_LIBOBJS=''
gl_LTLIBOBJS=''
host='i686-pc-linux-gnu'
host_alias=''
host_cpu='i686'
host_os='linux-gnu'
host_vendor='pc'
htmldir='${docdir}'
includedir='${prefix}/include'
infodir='${datarootdir}/info'
install_sh='$(SHELL) /tmp/ww/p4b/libiconv-1.12/build-aux/install-sh'
libdir='${exec_prefix}/lib'
libexecdir='${exec_prefix}/libexec'
localedir='${datarootdir}/locale'
localstatedir='${prefix}/var'
mandir='${datarootdir}/man'
mkdir_p='/bin/mkdir -p'
oldincludedir='/usr/include'
pdfdir='${docdir}'
prefix='/usr/local'
program_transform_name='s,x,x,'
psdir='${docdir}'
sbindir='${exec_prefix}/sbin'
sharedstatedir='${prefix}/com'
subdirs=' libcharset'
sysconfdir='${prefix}/etc'
target_alias=''

## ----------- ##
## confdefs.h. ##
## ----------- ##

#define PACKAGE_NAME ""
#define PACKAGE_TARNAME ""
#define PACKAGE_VERSION ""
#define PACKAGE_STRING ""
#define PACKAGE_BUGREPORT ""
#define PACKAGE "libiconv"
#define VERSION "1.12"
#define _GNU_SOURCE 1
#define STDC_HEADERS 1
#define HAVE_SYS_TYPES_H 1
#define HAVE_SYS_STAT_H 1
#define HAVE_STDLIB_H 1
#define HAVE_STRING_H 1
#define HAVE_MEMORY_H 1
#define HAVE_STRINGS_H 1
#define HAVE_INTTYPES_H 1
#define HAVE_STDINT_H 1
#define HAVE_UNISTD_H 1
#define __EXTENSIONS__ 1
#define _ALL_SOURCE 1
#define _GNU_SOURCE 1
#define _POSIX_PTHREAD_SEMANTICS 1
#define _TANDEM_SOURCE 1
#define INSTALLPREFIX "/usr/local"
#define ENABLE_EXTRA 1
#define HAVE_DLFCN_H 1
#define HAVE_VISIBILITY 0
#define HAVE_ICONV 1
#define ICONV_CONST 
#define HAVE_ICONV 1
#define ENABLE_NLS 1
#define HAVE_GETTEXT 1
#define HAVE_DCGETTEXT 1
#define HAVE_MBSTATE_T 1
#define HAVE_WCHAR_T 1
#define HAVE_GETC_UNLOCKED 1
#define HAVE_MBRTOWC 1
#define HAVE_WCRTOMB 1
#define HAVE_MBSINIT 1
#define HAVE_SETLOCALE 1
#define HAVE_MEMMOVE 1
#define HAVE_LANGINFO_CODESET 1
#define HAVE_WCHAR_H 1
#define WORDS_LITTLEENDIAN 1
#define HAVE_ALLOCA_H 1
#define HAVE_ALLOCA 1
#define HAVE_STDLIB_H 1
#define HAVE_STRING_H 1
#define HAVE_SYS_PARAM_H 1
#define HAVE_UNISTD_H 1
#define HAVE_STDINT_H 1
#define HAVE_WCHAR_H 1
#define HAVE_DECL_CANONICALIZE_FILE_NAME 1
#define HAVE_CANONICALIZE_FILE_NAME 1
#define HAVE_GETCWD 1
#define HAVE_READLINK 1
#define HAVE_SETENV 1
#define HAVE_DECL_STRERROR_R 1
#define HAVE_STRERROR_R 1
#define STRERROR_R_CHAR_P 1
#define HAVE_STDLIB_H 1
#define MALLOC_0_IS_NONNULL 1
#define HAVE_LONG_LONG_INT 1
#define HAVE__BOOL 1
#define HAVE_STDBOOL_H 1
#define HAVE_UNSIGNED_LONG_LONG_INT 1
#define HAVE_INCLUDE_NEXT 1
#define restrict __restrict
#define HAVE_DECL_CLEARERR_UNLOCKED 1
#define HAVE_DECL_FEOF_UNLOCKED 1
#define HAVE_DECL_FERROR_UNLOCKED 1
#define HAVE_DECL_FFLUSH_UNLOCKED 1
#define HAVE_DECL_FGETS_UNLOCKED 1
#define HAVE_DECL_FPUTC_UNLOCKED 1
#define HAVE_DECL_FPUTS_UNLOCKED 1
#define HAVE_DECL_FREAD_UNLOCKED 1
#define HAVE_DECL_FWRITE_UNLOCKED 1
#define HAVE_DECL_GETC_UNLOCKED 1
#define HAVE_DECL_GETCHAR_UNLOCKED 1
#define HAVE_DECL_PUTC_UNLOCKED 1
#define HAVE_DECL_PUTCHAR_UNLOCKED 1
#define HAVE_MALLOC_POSIX 1
#define HAVE_MBSTATE_T 1
#define HAVE_MEMMOVE 1
#define HAVE_SEARCH_H 1
#define HAVE_TSEARCH 1
#define HAVE_ENVIRON_DECL 1
#define HAVE_SYS_BITYPES_H 1
#define BITSIZEOF_PTRDIFF_T 32
#define BITSIZEOF_SIG_ATOMIC_T 32
#define BITSIZEOF_SIZE_T 32
#define BITSIZEOF_WCHAR_T 32
#define BITSIZEOF_WINT_T 32
#define HAVE_SIGNED_SIG_ATOMIC_T 1
#define HAVE_SIGNED_WCHAR_T 1
#define PTRDIFF_T_SUFFIX 
#define SIG_ATOMIC_T_SUFFIX 
#define SIZE_T_SUFFIX u
#define WCHAR_T_SUFFIX l
#define WINT_T_SUFFIX u
#define USE_UNLOCKED_IO 1

configure: exit 0
