This file contains any messages produced by compilers while
running configure, to aid debugging if configure makes a mistake.

It was created by configure, which was
generated by GNU Autoconf 2.58.  Invocation command line was

  $ ./configure --prefix=/mingw

## --------- ##
## Platform. ##
## --------- ##

hostname = dell410
uname -m = i686
uname -r = 1.0.9(0.46/3/2)
uname -s = MINGW32_NT-5.0
uname -v = 2003-07-03 07:26

/usr/bin/uname -p = unknown
/bin/uname -X     = unknown

/bin/arch              = unknown
/usr/bin/arch -k       = unknown
/usr/convex/getsysinfo = unknown
hostinfo               = unknown
/bin/machine           = unknown
/usr/bin/oslevel       = unknown
/bin/universe          = unknown

PATH: .
PATH: /usr/local/bin
PATH: /mingw/bin
PATH: /bin
PATH: /c/usr/local/bin
PATH: /g/namazu/namazu/bin
PATH: /g/namazu/bin
PATH: /g/Perl/bin/
PATH: /c/WINNT/system32
PATH: /c/WINNT
PATH: /c/WINNT/System32/Wbem
PATH: /c/Program Files/ATI Technologies/ATI Control Panel
PATH: /g/cygwin/bin
PATH: /g/AW/Maya4.0/bin
PATH: /g/Program Files/NuGraf/
PATH: /g/Program Files/NuGraf/System
PATH: /c/Program Files/Microsoft Visual Studio/Common/Tools/WinNT
PATH: /c/Program Files/Microsoft Visual Studio/Common/MSDev98/Bin
PATH: /c/Program Files/Microsoft Visual Studio/Common/Tools
PATH: /c/Program Files/Microsoft Visual Studio/VC98/bin
PATH: /c/PROGRA~1/COMMON~1/Odbc/FILEMA~1
PATH: /c/Program Files/Microsoft Visual Studio/Common/Tools/WinNT
PATH: /c/Program Files/Microsoft Visual Studio/Common/MSDev98/Bin
PATH: /c/Program Files/Microsoft Visual Studio/Common/Tools
PATH: /c/Program Files/Microsoft Visual Studio/VC98/bin
PATH: /c/PROGRA~1/COMMON~1/MGISHA~1/Video


## ----------- ##
## Core tests. ##
## ----------- ##

configure:1365: checking for a BSD-compatible install
configure:1420: result: /bin/install -c
configure:1431: checking whether build environment is sane
configure:1474: result: yes
configure:1507: checking for gawk
configure:1523: found /bin/gawk
configure:1533: result: gawk
configure:1543: checking whether make sets $(MAKE)
configure:1563: result: yes
configure:1744: checking build system type
configure:1762: result: i686-pc-mingw32
configure:1770: checking host system type
configure:1784: result: i686-pc-mingw32
configure:2241: creating ./config.status

## ---------------------- ##
## Running config.status. ##
## ---------------------- ##

This file was extended by config.status, which was
generated by GNU Autoconf 2.58.  Invocation command line was

  CONFIG_FILES    = 
  CONFIG_HEADERS  = 
  CONFIG_LINKS    = 
  CONFIG_COMMANDS = 
  $ ./config.status 

on dell410

config.status:666: creating Makefile
configure:3103: configuring in autoconf-lib-link
configure:3217: running /bin/sh './configure' --prefix=/mingw  '--prefix=/mingw' --cache-file=/dev/null --srcdir=.
configure:3103: configuring in gettext-runtime
configure:3217: running /bin/sh './configure' --prefix=/mingw  '--prefix=/mingw' --cache-file=/dev/null --srcdir=.
configure:3103: configuring in gettext-tools
configure:3217: running /bin/sh './configure' --prefix=/mingw  '--prefix=/mingw' --cache-file=/dev/null --srcdir=.

## ---------------- ##
## Cache variables. ##
## ---------------- ##

ac_cv_build=i686-pc-mingw32
ac_cv_build_alias=i686-pc-mingw32
ac_cv_env_CC_set=
ac_cv_env_CC_value=
ac_cv_env_CFLAGS_set=
ac_cv_env_CFLAGS_value=
ac_cv_env_CPPFLAGS_set=
ac_cv_env_CPPFLAGS_value=
ac_cv_env_CPP_set=
ac_cv_env_CPP_value=
ac_cv_env_CXXCPP_set=
ac_cv_env_CXXCPP_value=
ac_cv_env_CXXFLAGS_set=
ac_cv_env_CXXFLAGS_value=
ac_cv_env_CXX_set=
ac_cv_env_CXX_value=
ac_cv_env_F77_set=
ac_cv_env_F77_value=
ac_cv_env_FFLAGS_set=
ac_cv_env_FFLAGS_value=
ac_cv_env_GCJFLAGS_set=
ac_cv_env_GCJFLAGS_value=
ac_cv_env_GCJ_set=
ac_cv_env_GCJ_value=
ac_cv_env_LDFLAGS_set=
ac_cv_env_LDFLAGS_value=
ac_cv_env_build_alias_set=
ac_cv_env_build_alias_value=
ac_cv_env_host_alias_set=
ac_cv_env_host_alias_value=
ac_cv_env_target_alias_set=
ac_cv_env_target_alias_value=
ac_cv_host=i686-pc-mingw32
ac_cv_host_alias=i686-pc-mingw32
ac_cv_path_install='/bin/install -c'
ac_cv_prog_AWK=gawk
ac_cv_prog_make_make_set=yes

## ----------------- ##
## Output variables. ##
## ----------------- ##

ACLOCAL='${SHELL} /gettext-0.13.1/config/missing --run aclocal-1.7'
AMTAR='${SHELL} /gettext-0.13.1/config/missing --run tar'
AUTOCONF='${SHELL} /gettext-0.13.1/config/missing --run autoconf'
AUTOHEADER='${SHELL} /gettext-0.13.1/config/missing --run autoheader'
AUTOMAKE='${SHELL} /gettext-0.13.1/config/missing --run automake-1.7'
AWK='gawk'
CC=''
CFLAGS=''
CPP=''
CPPFLAGS=''
CXX=''
CXXCPP=''
CXXFLAGS=''
CYGPATH_W='cygpath -w'
DEFS='-DPACKAGE_NAME=\"\" -DPACKAGE_TARNAME=\"\" -DPACKAGE_VERSION=\"\" -DPACKAGE_STRING=\"\" -DPACKAGE_BUGREPORT=\"\" -DPACKAGE=\"gettext\" -DVERSION=\"0.13.1\" '
ECHO_C=''
ECHO_N='-n'
ECHO_T=''
F77=''
FFLAGS=''
GCJ=''
GCJFLAGS=''
INSTALL_DATA='${INSTALL} -m 644'
INSTALL_PROGRAM='${INSTALL}'
INSTALL_SCRIPT='${INSTALL}'
INSTALL_STRIP_PROGRAM='${SHELL} $(install_sh) -c -s'
LDFLAGS=''
LIBOBJS=''
LIBS=''
LTLIBOBJS=''
MAKEINFO='${SHELL} /gettext-0.13.1/config/missing --run makeinfo'
PACKAGE='gettext'
PACKAGE_BUGREPORT=''
PACKAGE_NAME=''
PACKAGE_STRING=''
PACKAGE_TARNAME=''
PACKAGE_VERSION=''
PATH_SEPARATOR=':'
SET_MAKE=''
SHELL='/bin/sh'
STRIP=''
VERSION='0.13.1'
ac_ct_STRIP=''
am__leading_dot='.'
bindir='${exec_prefix}/bin'
build='i686-pc-mingw32'
build_alias=''
build_cpu='i686'
build_os='mingw32'
build_vendor='pc'
datadir='${prefix}/share'
exec_prefix='${prefix}'
host='i686-pc-mingw32'
host_alias=''
host_cpu='i686'
host_os='mingw32'
host_vendor='pc'
includedir='${prefix}/include'
infodir='${prefix}/info'
install_sh='/gettext-0.13.1/config/install-sh'
libdir='${exec_prefix}/lib'
libexecdir='${exec_prefix}/libexec'
localstatedir='${prefix}/var'
mandir='${prefix}/man'
oldincludedir='/usr/include'
prefix='/mingw'
program_transform_name='s,x,x,'
sbindir='${exec_prefix}/sbin'
sharedstatedir='${prefix}/com'
subdirs=' autoconf-lib-link gettext-runtime gettext-tools'
sysconfdir='${prefix}/etc'
target_alias=''

## ----------- ##
## confdefs.h. ##
## ----------- ##

#define PACKAGE "gettext"
#define PACKAGE_BUGREPORT ""
#define PACKAGE_NAME ""
#define PACKAGE_STRING ""
#define PACKAGE_TARNAME ""
#define PACKAGE_VERSION ""
#define VERSION "0.13.1"

configure: exit 0
