This file contains any messages produced by compilers while
running configure, to aid debugging if configure makes a mistake.

It was created by configure, which was
generated by GNU Autoconf 2.58.  Invocation command line was

  $ ./configure --prefix=/mingw --prefix=/mingw --cache-file=/dev/null --srcdir=.

## --------- ##
## Platform. ##
## --------- ##

hostname = dell410
uname -m = i686
uname -r = 1.0.9(0.46/3/2)
uname -s = MINGW32_NT-5.0
uname -v = 2003-07-03 07:26

/usr/bin/uname -p = unknown
/bin/uname -X     = unknown

/bin/arch              = unknown
/usr/bin/arch -k       = unknown
/usr/convex/getsysinfo = unknown
hostinfo               = unknown
/bin/machine           = unknown
/usr/bin/oslevel       = unknown
/bin/universe          = unknown

PATH: .
PATH: /usr/local/bin
PATH: /mingw/bin
PATH: /bin
PATH: /c/usr/local/bin
PATH: /g/namazu/namazu/bin
PATH: /g/namazu/bin
PATH: /g/Perl/bin/
PATH: /c/WINNT/system32
PATH: /c/WINNT
PATH: /c/WINNT/System32/Wbem
PATH: /c/Program Files/ATI Technologies/ATI Control Panel
PATH: /g/cygwin/bin
PATH: /g/AW/Maya4.0/bin
PATH: /g/Program Files/NuGraf/
PATH: /g/Program Files/NuGraf/System
PATH: /c/Program Files/Microsoft Visual Studio/Common/Tools/WinNT
PATH: /c/Program Files/Microsoft Visual Studio/Common/MSDev98/Bin
PATH: /c/Program Files/Microsoft Visual Studio/Common/Tools
PATH: /c/Program Files/Microsoft Visual Studio/VC98/bin
PATH: /c/PROGRA~1/COMMON~1/Odbc/FILEMA~1
PATH: /c/Program Files/Microsoft Visual Studio/Common/Tools/WinNT
PATH: /c/Program Files/Microsoft Visual Studio/Common/MSDev98/Bin
PATH: /c/Program Files/Microsoft Visual Studio/Common/Tools
PATH: /c/Program Files/Microsoft Visual Studio/VC98/bin
PATH: /c/PROGRA~1/COMMON~1/MGISHA~1/Video


## ----------- ##
## Core tests. ##
## ----------- ##

configure:1535: checking for a BSD-compatible install
configure:1590: result: /bin/install -c
configure:1601: checking whether build environment is sane
configure:1644: result: yes
configure:1677: checking for gawk
configure:1693: found /bin/gawk
configure:1703: result: gawk
configure:1713: checking whether make sets $(MAKE)
configure:1733: result: yes
configure:1944: checking for gcc
configure:1960: found /mingw/bin/gcc
configure:1970: result: gcc
configure:2214: checking for C compiler version
configure:2217: gcc --version </dev/null >&5
gcc.exe (GCC) 3.3.1 (mingw special 20030804-1)
Copyright (C) 2003 Free Software Foundation, Inc.
This is free software; see the source for copying conditions.  There is NO
warranty; not even for MERCHANTABILITY or FITNESS FOR A PARTICULAR PURPOSE.

configure:2220: $? = 0
configure:2222: gcc -v </dev/null >&5
Reading specs from g:/mingw/bin/../lib/gcc-lib/mingw32/3.3.1/specs
Configured with: ../gcc/configure --with-gcc --with-gnu-ld --with-gnu-as --host=mingw32 --target=mingw32 --prefix=/mingw --enable-threads --disable-nls --enable-languages=c,c++,f77,objc,ada,java --disable-win32-registry --disable-shared --enable-sjlj-exceptions --enable-libgcj --disable-java-awt --without-x --enable-java-gc=boehm --disable-libgcj-debug --enable-interpreter --enable-hash-synchronization
Thread model: win32
gcc version 3.3.1 (mingw special 20030804-1)
configure:2225: $? = 0
configure:2227: gcc -V </dev/null >&5
gcc.exe: `-V' option must have argument
configure:2230: $? = 1
configure:2253: checking for C compiler default output file name
configure:2256: gcc    conftest.c  >&5
configure:2259: $? = 0
configure:2305: result: a.exe
configure:2310: checking whether the C compiler works
configure:2316: ./a.exe
configure:2319: $? = 0
configure:2336: result: yes
configure:2343: checking whether we are cross compiling
configure:2345: result: no
configure:2348: checking for suffix of executables
configure:2350: gcc -o conftest.exe    conftest.c  >&5
configure:2353: $? = 0
configure:2378: result: .exe
configure:2384: checking for suffix of object files
configure:2405: gcc -c   conftest.c >&5
configure:2408: $? = 0
configure:2430: result: o
configure:2434: checking whether we are using the GNU C compiler
configure:2458: gcc -c   conftest.c >&5
configure:2464: $? = 0
configure:2468: test -z 
			 || test ! -s conftest.err
configure:2471: $? = 0
configure:2474: test -s conftest.o
configure:2477: $? = 0
configure:2490: result: yes
configure:2496: checking whether gcc accepts -g
configure:2517: gcc -c -g  conftest.c >&5
configure:2523: $? = 0
configure:2527: test -z 
			 || test ! -s conftest.err
configure:2530: $? = 0
configure:2533: test -s conftest.o
configure:2536: $? = 0
configure:2547: result: yes
configure:2564: checking for gcc option to accept ANSI C
configure:2634: gcc  -c -g -O2  conftest.c >&5
configure:2640: $? = 0
configure:2644: test -z 
			 || test ! -s conftest.err
configure:2647: $? = 0
configure:2650: test -s conftest.o
configure:2653: $? = 0
configure:2671: result: none needed
configure:2689: gcc -c -g -O2  conftest.c >&5
conftest.c:2: error: parse error before "me"
configure:2695: $? = 1
configure: failed program was:
| #ifndef __cplusplus
|   choke me
| #endif
configure:2839: checking for style of include used by make
configure:2867: result: GNU
configure:2895: checking dependency style of gcc
configure:2978: result: none
configure:3008: checking for a BSD-compatible install
configure:3063: result: /bin/install -c
configure:3081: checking build system type
configure:3099: result: i686-pc-mingw32
configure:3107: checking host system type
configure:3121: result: i686-pc-mingw32
configure:3208: checking for a sed that does not truncate output
configure:3262: result: /bin/sed
configure:3265: checking for egrep
configure:3275: result: grep -E
configure:3291: checking for ld used by gcc
configure:3358: result: g:/mingw/mingw32/bin/ld.exe
configure:3367: checking if the linker (g:/mingw/mingw32/bin/ld.exe) is GNU ld
configure:3382: result: yes
configure:3387: checking for g:/mingw/mingw32/bin/ld.exe option to reload object files
configure:3394: result: -r
configure:3403: checking for BSD-compatible nm
configure:3445: result: /mingw/bin/nm
configure:3449: checking whether ln -s works
configure:3453: result: yes
configure:3460: checking how to recognise dependent libraries
configure:3660: result: file_magic ^x86 archive import|^x86 DLL
configure:3903: checking for dlltool
configure:3919: found /mingw/bin/dlltool
configure:3930: result: dlltool
configure:3983: checking for as
configure:3999: found /mingw/bin/as
configure:4010: result: as
configure:4063: checking for objdump
configure:4079: found /mingw/bin/objdump
configure:4090: result: objdump
configure:4114: checking how to run the C preprocessor
configure:4149: gcc -E  conftest.c
configure:4155: $? = 0
configure:4187: gcc -E  conftest.c
conftest.c:11:28: ac_nonexistent.h: No such file or directory
configure:4193: $? = 1
configure: failed program was:
| /* confdefs.h.  */
| 
| #define PACKAGE_NAME ""
| #define PACKAGE_TARNAME ""
| #define PACKAGE_VERSION ""
| #define PACKAGE_STRING ""
| #define PACKAGE_BUGREPORT ""
| #define PACKAGE "autoconf-lib-link"
| #define VERSION "0.13.1"
| /* end confdefs.h.  */
| #include <ac_nonexistent.h>
configure:4232: result: gcc -E
configure:4256: gcc -E  conftest.c
configure:4262: $? = 0
configure:4294: gcc -E  conftest.c
conftest.c:11:28: ac_nonexistent.h: No such file or directory
configure:4300: $? = 1
configure: failed program was:
| /* confdefs.h.  */
| 
| #define PACKAGE_NAME ""
| #define PACKAGE_TARNAME ""
| #define PACKAGE_VERSION ""
| #define PACKAGE_STRING ""
| #define PACKAGE_BUGREPORT ""
| #define PACKAGE "autoconf-lib-link"
| #define VERSION "0.13.1"
| /* end confdefs.h.  */
| #include <ac_nonexistent.h>
configure:4344: checking for ANSI C header files
configure:4369: gcc -c -g -O2  conftest.c >&5
configure:4375: $? = 0
configure:4379: test -z 
			 || test ! -s conftest.err
configure:4382: $? = 0
configure:4385: test -s conftest.o
configure:4388: $? = 0
configure:4474: gcc -o conftest.exe -g -O2   conftest.c  >&5
configure:4477: $? = 0
configure:4479: ./conftest.exe
configure:4482: $? = 0
configure:4497: result: yes
configure:4521: checking for sys/types.h
configure:4537: gcc -c -g -O2  conftest.c >&5
configure:4543: $? = 0
configure:4547: test -z 
			 || test ! -s conftest.err
configure:4550: $? = 0
configure:4553: test -s conftest.o
configure:4556: $? = 0
configure:4567: result: yes
configure:4521: checking for sys/stat.h
configure:4537: gcc -c -g -O2  conftest.c >&5
configure:4543: $? = 0
configure:4547: test -z 
			 || test ! -s conftest.err
configure:4550: $? = 0
configure:4553: test -s conftest.o
configure:4556: $? = 0
configure:4567: result: yes
configure:4521: checking for stdlib.h
configure:4537: gcc -c -g -O2  conftest.c >&5
configure:4543: $? = 0
configure:4547: test -z 
			 || test ! -s conftest.err
configure:4550: $? = 0
configure:4553: test -s conftest.o
configure:4556: $? = 0
configure:4567: result: yes
configure:4521: checking for string.h
configure:4537: gcc -c -g -O2  conftest.c >&5
configure:4543: $? = 0
configure:4547: test -z 
			 || test ! -s conftest.err
configure:4550: $? = 0
configure:4553: test -s conftest.o
configure:4556: $? = 0
configure:4567: result: yes
configure:4521: checking for memory.h
configure:4537: gcc -c -g -O2  conftest.c >&5
configure:4543: $? = 0
configure:4547: test -z 
			 || test ! -s conftest.err
configure:4550: $? = 0
configure:4553: test -s conftest.o
configure:4556: $? = 0
configure:4567: result: yes
configure:4521: checking for strings.h
configure:4537: gcc -c -g -O2  conftest.c >&5
configure:4543: $? = 0
configure:4547: test -z 
			 || test ! -s conftest.err
configure:4550: $? = 0
configure:4553: test -s conftest.o
configure:4556: $? = 0
configure:4567: result: yes
configure:4521: checking for inttypes.h
configure:4537: gcc -c -g -O2  conftest.c >&5
configure:4543: $? = 0
configure:4547: test -z 
			 || test ! -s conftest.err
configure:4550: $? = 0
configure:4553: test -s conftest.o
configure:4556: $? = 0
configure:4567: result: yes
configure:4521: checking for stdint.h
configure:4537: gcc -c -g -O2  conftest.c >&5
configure:4543: $? = 0
configure:4547: test -z 
			 || test ! -s conftest.err
configure:4550: $? = 0
configure:4553: test -s conftest.o
configure:4556: $? = 0
configure:4567: result: yes
configure:4521: checking for unistd.h
configure:4537: gcc -c -g -O2  conftest.c >&5
configure:4543: $? = 0
configure:4547: test -z 
			 || test ! -s conftest.err
configure:4550: $? = 0
configure:4553: test -s conftest.o
configure:4556: $? = 0
configure:4567: result: yes
configure:4593: checking dlfcn.h usability
configure:4605: gcc -c -g -O2  conftest.c >&5
conftest.c:55:19: dlfcn.h: No such file or directory
configure:4611: $? = 1
configure: failed program was:
| /* confdefs.h.  */
| 
| #define PACKAGE_NAME ""
| #define PACKAGE_TARNAME ""
| #define PACKAGE_VERSION ""
| #define PACKAGE_STRING ""
| #define PACKAGE_BUGREPORT ""
| #define PACKAGE "autoconf-lib-link"
| #define VERSION "0.13.1"
| #define STDC_HEADERS 1
| #define HAVE_SYS_TYPES_H 1
| #define HAVE_SYS_STAT_H 1
| #define HAVE_STDLIB_H 1
| #define HAVE_STRING_H 1
| #define HAVE_MEMORY_H 1
| #define HAVE_STRINGS_H 1
| #define HAVE_INTTYPES_H 1
| #define HAVE_STDINT_H 1
| #define HAVE_UNISTD_H 1
| /* end confdefs.h.  */
| #include <stdio.h>
| #if HAVE_SYS_TYPES_H
| # include <sys/types.h>
| #endif
| #if HAVE_SYS_STAT_H
| # include <sys/stat.h>
| #endif
| #if STDC_HEADERS
| # include <stdlib.h>
| # include <stddef.h>
| #else
| # if HAVE_STDLIB_H
| #  include <stdlib.h>
| # endif
| #endif
| #if HAVE_STRING_H
| # if !STDC_HEADERS && HAVE_MEMORY_H
| #  include <memory.h>
| # endif
| # include <string.h>
| #endif
| #if HAVE_STRINGS_H
| # include <strings.h>
| #endif
| #if HAVE_INTTYPES_H
| # include <inttypes.h>
| #else
| # if HAVE_STDINT_H
| #  include <stdint.h>
| # endif
| #endif
| #if HAVE_UNISTD_H
| # include <unistd.h>
| #endif
| #include <dlfcn.h>
configure:4634: result: no
configure:4638: checking dlfcn.h presence
configure:4648: gcc -E  conftest.c
conftest.c:21:19: dlfcn.h: No such file or directory
configure:4654: $? = 1
configure: failed program was:
| /* confdefs.h.  */
| 
| #define PACKAGE_NAME ""
| #define PACKAGE_TARNAME ""
| #define PACKAGE_VERSION ""
| #define PACKAGE_STRING ""
| #define PACKAGE_BUGREPORT ""
| #define PACKAGE "autoconf-lib-link"
| #define VERSION "0.13.1"
| #define STDC_HEADERS 1
| #define HAVE_SYS_TYPES_H 1
| #define HAVE_SYS_STAT_H 1
| #define HAVE_STDLIB_H 1
| #define HAVE_STRING_H 1
| #define HAVE_MEMORY_H 1
| #define HAVE_STRINGS_H 1
| #define HAVE_INTTYPES_H 1
| #define HAVE_STDINT_H 1
| #define HAVE_UNISTD_H 1
| /* end confdefs.h.  */
| #include <dlfcn.h>
configure:4674: result: no
configure:4709: checking for dlfcn.h
configure:4716: result: no
configure:4781: checking for g++
configure:4797: found /mingw/bin/g++
configure:4807: result: g++
configure:4823: checking for C++ compiler version
configure:4826: g++ --version </dev/null >&5
g++.exe (GCC) 3.3.1 (mingw special 20030804-1)
Copyright (C) 2003 Free Software Foundation, Inc.
This is free software; see the source for copying conditions.  There is NO
warranty; not even for MERCHANTABILITY or FITNESS FOR A PARTICULAR PURPOSE.

configure:4829: $? = 0
configure:4831: g++ -v </dev/null >&5
Reading specs from g:/mingw/bin/../lib/gcc-lib/mingw32/3.3.1/specs
Configured with: ../gcc/configure --with-gcc --with-gnu-ld --with-gnu-as --host=mingw32 --target=mingw32 --prefix=/mingw --enable-threads --disable-nls --enable-languages=c,c++,f77,objc,ada,java --disable-win32-registry --disable-shared --enable-sjlj-exceptions --enable-libgcj --disable-java-awt --without-x --enable-java-gc=boehm --disable-libgcj-debug --enable-interpreter --enable-hash-synchronization
Thread model: win32
gcc version 3.3.1 (mingw special 20030804-1)
configure:4834: $? = 0
configure:4836: g++ -V </dev/null >&5
g++.exe: `-V' option must have argument
configure:4839: $? = 1
configure:4842: checking whether we are using the GNU C++ compiler
configure:4866: g++ -c   conftest.cc >&5
configure:4872: $? = 0
configure:4876: test -z 
			 || test ! -s conftest.err
configure:4879: $? = 0
configure:4882: test -s conftest.o
configure:4885: $? = 0
configure:4898: result: yes
configure:4904: checking whether g++ accepts -g
configure:4925: g++ -c -g  conftest.cc >&5
configure:4931: $? = 0
configure:4935: test -z 
			 || test ! -s conftest.err
configure:4938: $? = 0
configure:4941: test -s conftest.o
configure:4944: $? = 0
configure:4955: result: yes
configure:4997: g++ -c -g -O2  conftest.cc >&5
configure:5003: $? = 0
configure:5007: test -z 
			 || test ! -s conftest.err
configure:5010: $? = 0
configure:5013: test -s conftest.o
configure:5016: $? = 0
configure:5042: g++ -c -g -O2  conftest.cc >&5
conftest.cc: In function `int main()':
conftest.cc:25: error: `exit' undeclared (first use this function)
conftest.cc:25: error: (Each undeclared identifier is reported only once for 
   each function it appears in.)
configure:5048: $? = 1
configure: failed program was:
| /* confdefs.h.  */
| 
| #define PACKAGE_NAME ""
| #define PACKAGE_TARNAME ""
| #define PACKAGE_VERSION ""
| #define PACKAGE_STRING ""
| #define PACKAGE_BUGREPORT ""
| #define PACKAGE "autoconf-lib-link"
| #define VERSION "0.13.1"
| #define STDC_HEADERS 1
| #define HAVE_SYS_TYPES_H 1
| #define HAVE_SYS_STAT_H 1
| #define HAVE_STDLIB_H 1
| #define HAVE_STRING_H 1
| #define HAVE_MEMORY_H 1
| #define HAVE_STRINGS_H 1
| #define HAVE_INTTYPES_H 1
| #define HAVE_STDINT_H 1
| #define HAVE_UNISTD_H 1
| /* end confdefs.h.  */
| 
| int
| main ()
| {
| exit (42);
|   ;
|   return 0;
| }
configure:4997: g++ -c -g -O2  conftest.cc >&5
configure:5003: $? = 0
configure:5007: test -z 
			 || test ! -s conftest.err
configure:5010: $? = 0
configure:5013: test -s conftest.o
configure:5016: $? = 0
configure:5042: g++ -c -g -O2  conftest.cc >&5
configure:5048: $? = 0
configure:5052: test -z 
			 || test ! -s conftest.err
configure:5055: $? = 0
configure:5058: test -s conftest.o
configure:5061: $? = 0
configure:5086: checking dependency style of g++
configure:5169: result: none
configure:5191: checking how to run the C++ preprocessor
configure:5222: g++ -E  conftest.cc
configure:5228: $? = 0
configure:5260: g++ -E  conftest.cc
conftest.cc:24:28: ac_nonexistent.h: No such file or directory
configure:5266: $? = 1
configure: failed program was:
| /* confdefs.h.  */
| 
| #define PACKAGE_NAME ""
| #define PACKAGE_TARNAME ""
| #define PACKAGE_VERSION ""
| #define PACKAGE_STRING ""
| #define PACKAGE_BUGREPORT ""
| #define PACKAGE "autoconf-lib-link"
| #define VERSION "0.13.1"
| #define STDC_HEADERS 1
| #define HAVE_SYS_TYPES_H 1
| #define HAVE_SYS_STAT_H 1
| #define HAVE_STDLIB_H 1
| #define HAVE_STRING_H 1
| #define HAVE_MEMORY_H 1
| #define HAVE_STRINGS_H 1
| #define HAVE_INTTYPES_H 1
| #define HAVE_STDINT_H 1
| #define HAVE_UNISTD_H 1
| #ifdef __cplusplus
| extern "C" void std::exit (int) throw (); using std::exit;
| #endif
| /* end confdefs.h.  */
| #include <ac_nonexistent.h>
configure:5305: result: g++ -E
configure:5329: g++ -E  conftest.cc
configure:5335: $? = 0
configure:5367: g++ -E  conftest.cc
conftest.cc:24:28: ac_nonexistent.h: No such file or directory
configure:5373: $? = 1
configure: failed program was:
| /* confdefs.h.  */
| 
| #define PACKAGE_NAME ""
| #define PACKAGE_TARNAME ""
| #define PACKAGE_VERSION ""
| #define PACKAGE_STRING ""
| #define PACKAGE_BUGREPORT ""
| #define PACKAGE "autoconf-lib-link"
| #define VERSION "0.13.1"
| #define STDC_HEADERS 1
| #define HAVE_SYS_TYPES_H 1
| #define HAVE_SYS_STAT_H 1
| #define HAVE_STDLIB_H 1
| #define HAVE_STRING_H 1
| #define HAVE_MEMORY_H 1
| #define HAVE_STRINGS_H 1
| #define HAVE_INTTYPES_H 1
| #define HAVE_STDINT_H 1
| #define HAVE_UNISTD_H 1
| #ifdef __cplusplus
| extern "C" void std::exit (int) throw (); using std::exit;
| #endif
| /* end confdefs.h.  */
| #include <ac_nonexistent.h>
configure:5468: checking for g77
configure:5484: found /mingw/bin/g77
configure:5494: result: g77
configure:5512: checking for Fortran 77 compiler version
configure:5512: g77 --version </dev/null >&5
GNU Fortran (GCC) 3.3.1 (mingw special 20030804-1)
Copyright (C) 2002 Free Software Foundation, Inc.

GNU Fortran comes with NO WARRANTY, to the extent permitted by law.
You may redistribute copies of GNU Fortran
under the terms of the GNU General Public License.
For more information about these matters, see the file named COPYING
or type the command `info -f g77 Copying'.
configure:5515: $? = 0
configure:5517: g77 -v </dev/null >&5
Reading specs from g:/mingw/bin/../lib/gcc-lib/mingw32/3.3.1/specs
Configured with: ../gcc/configure --with-gcc --with-gnu-ld --with-gnu-as --host=mingw32 --target=mingw32 --prefix=/mingw --enable-threads --disable-nls --enable-languages=c,c++,f77,objc,ada,java --disable-win32-registry --disable-shared --enable-sjlj-exceptions --enable-libgcj --disable-java-awt --without-x --enable-java-gc=boehm --disable-libgcj-debug --enable-interpreter --enable-hash-synchronization
Thread model: win32
gcc version 3.3.1 (mingw special 20030804-1)
configure:5520: $? = 0
configure:5522: g77 -V </dev/null >&5
g77.exe: `-V' option must have argument
configure:5525: $? = 1
configure:5533: checking whether we are using the GNU Fortran 77 compiler
configure:5547: g77 -c  conftest.F >&5
configure:5553: $? = 0
configure:5557: test -z 
			 || test ! -s conftest.err
configure:5560: $? = 0
configure:5563: test -s conftest.o
configure:5566: $? = 0
configure:5579: result: yes
configure:5585: checking whether g77 accepts -g
configure:5597: g77 -c -g conftest.f >&5
configure:5603: $? = 0
configure:5607: test -z 
			 || test ! -s conftest.err
configure:5610: $? = 0
configure:5613: test -s conftest.o
configure:5616: $? = 0
configure:5628: result: yes
configure:5658: checking the maximum length of command line arguments
configure:5717: result: 8192
configure:5728: checking command to parse /mingw/bin/nm output from gcc object
configure:5817: gcc -c -g -O2  conftest.c >&5
configure:5820: $? = 0
configure:5824: /mingw/bin/nm conftest.o \| sed -n -e 's/^.*[ 	]\([ABCDGISTW][ABCDGISTW]*\)[ 	][ 	]*\(\)\([_A-Za-z][_A-Za-z0-9]*\)\{0,1\}$/\1 \2\3 \3/p' \> conftest.nm
configure:5827: $? = 0
cannot find nm_test_var in conftest.nm
configure:5817: gcc -c -g -O2  conftest.c >&5
configure:5820: $? = 0
configure:5824: /mingw/bin/nm conftest.o \| sed -n -e 's/^.*[ 	]\([ABCDGISTW][ABCDGISTW]*\)[ 	][ 	]*\(_\)\([_A-Za-z][_A-Za-z0-9]*\)\{0,1\}$/\1 \2\3 \3/p' \> conftest.nm
configure:5827: $? = 0
configure:5879: gcc -o conftest.exe -g -O2   conftest.c conftstm.o >&5
configure:5882: $? = 0
configure:5920: result: ok
configure:5924: checking for objdir
configure:5939: result: .libs
configure:6029: checking for ar
configure:6045: found /mingw/bin/ar
configure:6056: result: ar
configure:6109: checking for ranlib
configure:6125: found /mingw/bin/ranlib
configure:6136: result: ranlib
configure:6189: checking for strip
configure:6205: found /mingw/bin/strip
configure:6216: result: strip
configure:6478: checking if gcc static flag  works
configure:6501: result: yes
configure:6518: checking if gcc supports -fno-rtti -fno-exceptions
configure:6539: gcc -c -g -O2  -fno-rtti -fno-exceptions conftest.c >&5
cc1.exe: warning: "-fno-rtti" is valid for C++ but not for C/ObjC
configure:6543: $? = 0
configure:6551: result: no
configure:6566: checking for gcc option to produce PIC
configure:6743: result: -DDLL_EXPORT
configure:6750: checking if gcc PIC flag -DDLL_EXPORT works
configure:6771: gcc -c -g -O2  -DDLL_EXPORT -DPIC conftest.c >&5
configure:6775: $? = 0
configure:6783: result: yes
configure:6807: checking if gcc supports -c -o file.o
configure:6838: gcc -c -g -O2  -o out/conftest2.o conftest.c >&5
configure:6842: $? = 0
configure:6856: result: yes
configure:6882: checking whether the gcc linker (g:/mingw/mingw32/bin/ld.exe) supports shared libraries
configure:7696: result: yes
configure:7722: checking whether -lc should be explicitly linked in
configure:7727: gcc -c -g -O2  conftest.c >&5
configure:7730: $? = 0
configure:7744: gcc -shared conftest.o  -v -o ./conftest -Wl,--image-base=0x10000000 -Wl,--out-implib,conftest 2\>\&1 \| grep  -lc  \>/dev/null 2\>\&1
configure:7747: $? = 1
configure:7759: result: yes
configure:7767: checking how to hardcode library paths into programs
configure:7792: result: immediate
configure:7806: checking whether stripping libraries is possible
configure:7811: result: yes
configure:7833: checking dynamic linker characteristics
configure:8356: result: Win32 ld.exe
configure:9168: checking if libtool supports shared libraries
configure:9170: result: yes
configure:9173: checking whether to build shared libraries
configure:9222: result: yes
configure:9225: checking whether to build static libraries
configure:9229: result: yes
configure:9320: creating libtool
configure:9864: checking for ld used by g++
configure:9931: result: g:/mingw/mingw32/bin/ld.exe
configure:9940: checking if the linker (g:/mingw/mingw32/bin/ld.exe) is GNU ld
configure:9955: result: yes
configure:10006: checking whether the g++ linker (g:/mingw/mingw32/bin/ld.exe) supports shared libraries
configure:10821: result: yes
configure:10839: g++ -c -g -O2  conftest.cc >&5
configure:10842: $? = 0
configure:10938: checking for g++ option to produce PIC
configure:11190: result: -DDLL_EXPORT
configure:11197: checking if g++ PIC flag -DDLL_EXPORT works
configure:11218: g++ -c -g -O2  -DDLL_EXPORT -DPIC conftest.cc >&5
configure:11222: $? = 0
configure:11230: result: yes
configure:11254: checking if g++ supports -c -o file.o
configure:11285: g++ -c -g -O2  -o out/conftest2.o conftest.cc >&5
configure:11289: $? = 0
configure:11303: result: yes
configure:11329: checking whether the g++ linker (g:/mingw/mingw32/bin/ld.exe) supports shared libraries
configure:11354: result: yes
configure:11425: checking how to hardcode library paths into programs
configure:11450: result: immediate
configure:11464: checking whether stripping libraries is possible
configure:11469: result: yes
configure:11491: checking dynamic linker characteristics
configure:12014: result: Win32 ld.exe
configure:13299: checking if libtool supports shared libraries
configure:13301: result: yes
configure:13304: checking whether to build shared libraries
configure:13322: result: yes
configure:13325: checking whether to build static libraries
configure:13329: result: yes
configure:13341: checking for g77 option to produce PIC
configure:13518: result: -DDLL_EXPORT
configure:13525: checking if g77 PIC flag -DDLL_EXPORT works
configure:13546: g77 -c -g -O2 -DDLL_EXPORT conftest.f >&5
configure:13550: $? = 0
configure:13558: result: yes
configure:13582: checking if g77 supports -c -o file.o
configure:13613: g77 -c -g -O2 -o out/conftest2.o conftest.f >&5
configure:13617: $? = 0
configure:13631: result: yes
configure:13657: checking whether the g77 linker (g:/mingw/mingw32/bin/ld.exe) supports shared libraries
configure:14451: result: yes
configure:14522: checking how to hardcode library paths into programs
configure:14547: result: immediate
configure:14561: checking whether stripping libraries is possible
configure:14566: result: yes
configure:14588: checking dynamic linker characteristics
configure:15111: result: Win32 ld.exe
configure:19285: creating ./config.status

## ---------------------- ##
## Running config.status. ##
## ---------------------- ##

This file was extended by config.status, which was
generated by GNU Autoconf 2.58.  Invocation command line was

  CONFIG_FILES    = 
  CONFIG_HEADERS  = 
  CONFIG_LINKS    = 
  CONFIG_COMMANDS = 
  $ ./config.status 

on dell410

config.status:712: creating Makefile
config.status:712: creating m4/Makefile
config.status:712: creating tests/Makefile
config.status:899: executing depfiles commands

## ---------------- ##
## Cache variables. ##
## ---------------- ##

ac_cv_build=i686-pc-mingw32
ac_cv_build_alias=i686-pc-mingw32
ac_cv_c_compiler_gnu=yes
ac_cv_cxx_compiler_gnu=yes
ac_cv_env_CC_set=
ac_cv_env_CC_value=
ac_cv_env_CFLAGS_set=
ac_cv_env_CFLAGS_value=
ac_cv_env_CPPFLAGS_set=
ac_cv_env_CPPFLAGS_value=
ac_cv_env_CPP_set=
ac_cv_env_CPP_value=
ac_cv_env_CXXCPP_set=
ac_cv_env_CXXCPP_value=
ac_cv_env_CXXFLAGS_set=
ac_cv_env_CXXFLAGS_value=
ac_cv_env_CXX_set=
ac_cv_env_CXX_value=
ac_cv_env_F77_set=
ac_cv_env_F77_value=
ac_cv_env_FFLAGS_set=
ac_cv_env_FFLAGS_value=
ac_cv_env_LDFLAGS_set=
ac_cv_env_LDFLAGS_value=
ac_cv_env_build_alias_set=
ac_cv_env_build_alias_value=
ac_cv_env_host_alias_set=
ac_cv_env_host_alias_value=
ac_cv_env_target_alias_set=
ac_cv_env_target_alias_value=
ac_cv_exeext=.exe
ac_cv_f77_compiler_gnu=yes
ac_cv_header_dlfcn_h=no
ac_cv_header_inttypes_h=yes
ac_cv_header_memory_h=yes
ac_cv_header_stdc=yes
ac_cv_header_stdint_h=yes
ac_cv_header_stdlib_h=yes
ac_cv_header_string_h=yes
ac_cv_header_strings_h=yes
ac_cv_header_sys_stat_h=yes
ac_cv_header_sys_types_h=yes
ac_cv_header_unistd_h=yes
ac_cv_host=i686-pc-mingw32
ac_cv_host_alias=i686-pc-mingw32
ac_cv_objext=o
ac_cv_path_install='/bin/install -c'
ac_cv_prog_AWK=gawk
ac_cv_prog_CPP='gcc -E'
ac_cv_prog_CXXCPP='g++ -E'
ac_cv_prog_ac_ct_AR=ar
ac_cv_prog_ac_ct_AS=as
ac_cv_prog_ac_ct_CC=gcc
ac_cv_prog_ac_ct_CXX=g++
ac_cv_prog_ac_ct_DLLTOOL=dlltool
ac_cv_prog_ac_ct_F77=g77
ac_cv_prog_ac_ct_OBJDUMP=objdump
ac_cv_prog_ac_ct_RANLIB=ranlib
ac_cv_prog_ac_ct_STRIP=strip
ac_cv_prog_cc_g=yes
ac_cv_prog_cc_stdc=
ac_cv_prog_cxx_g=yes
ac_cv_prog_egrep='grep -E'
ac_cv_prog_f77_g=yes
ac_cv_prog_make_make_set=yes
am_cv_CC_dependencies_compiler_type=none
am_cv_CXX_dependencies_compiler_type=none
lt_cv_deplibs_check_method='file_magic ^x86 archive import|^x86 DLL'
lt_cv_file_magic_cmd=win32_libid
lt_cv_file_magic_test_file=
lt_cv_ld_reload_flag=-r
lt_cv_objdir=.libs
lt_cv_path_LD=g:/mingw/mingw32/bin/ld.exe
lt_cv_path_LDCXX=g:/mingw/mingw32/bin/ld.exe
lt_cv_path_NM=/mingw/bin/nm
lt_cv_path_SED=/bin/sed
lt_cv_prog_compiler_c_o=yes
lt_cv_prog_compiler_c_o_CXX=yes
lt_cv_prog_compiler_c_o_F77=yes
lt_cv_prog_compiler_rtti_exceptions=no
lt_cv_prog_gnu_ld=yes
lt_cv_prog_gnu_ldcxx=yes
lt_cv_sys_global_symbol_pipe='sed -n -e '\''s/^.*[ 	]\([ABCDGISTW][ABCDGISTW]*\)[ 	][ 	]*\(_\)\([_A-Za-z][_A-Za-z0-9]*\)\{0,1\}$/\1 \2\3 \3/p'\'''
lt_cv_sys_global_symbol_to_c_name_address='sed -n -e '\''s/^: \([^ ]*\) $/  {\"\1\", (lt_ptr) 0},/p'\'' -e '\''s/^[BCDEGRST] \([^ ]*\) \([^ ]*\)$/  {"\2", (lt_ptr) \&\2},/p'\'''
lt_cv_sys_global_symbol_to_cdecl='sed -n -e '\''s/^. .* \(.*\)$/extern int \1;/p'\'''
lt_cv_sys_max_cmd_len=8192
lt_lt_cv_prog_compiler_c_o='"yes"'
lt_lt_cv_prog_compiler_c_o_CXX='"yes"'
lt_lt_cv_prog_compiler_c_o_F77='"yes"'
lt_lt_cv_sys_global_symbol_pipe='"sed -n -e '\''s/^.*[ 	]\\([ABCDGISTW][ABCDGISTW]*\\)[ 	][ 	]*\\(_\\)\\([_A-Za-z][_A-Za-z0-9]*\\)\\{0,1\\}\$/\\1 \\2\\3 \\3/p'\''"'
lt_lt_cv_sys_global_symbol_to_c_name_address='"sed -n -e '\''s/^: \\([^ ]*\\) \$/  {\\\"\\1\\\", (lt_ptr) 0},/p'\'' -e '\''s/^[BCDEGRST] \\([^ ]*\\) \\([^ ]*\\)\$/  {\"\\2\", (lt_ptr) \\&\\2},/p'\''"'
lt_lt_cv_sys_global_symbol_to_cdecl='"sed -n -e '\''s/^. .* \\(.*\\)\$/extern int \\1;/p'\''"'

## ----------------- ##
## Output variables. ##
## ----------------- ##

ACLOCAL='${SHELL} /gettext-0.13.1/config/missing --run aclocal-1.7'
AMDEPBACKSLASH='\'
AMDEP_FALSE='#'
AMDEP_TRUE=''
AMTAR='${SHELL} /gettext-0.13.1/config/missing --run tar'
AR='ar'
AS='as'
AUTOCONF='${SHELL} /gettext-0.13.1/config/missing --run autoconf'
AUTOHEADER='${SHELL} /gettext-0.13.1/config/missing --run autoheader'
AUTOMAKE='${SHELL} /gettext-0.13.1/config/missing --run automake-1.7'
AWK='gawk'
CC='gcc'
CCDEPMODE='depmode=none'
CFLAGS='-g -O2'
CPP='gcc -E'
CPPFLAGS=''
CXX='g++'
CXXCPP='g++ -E'
CXXDEPMODE='depmode=none'
CXXFLAGS='-g -O2'
CYGPATH_W='cygpath -w'
DEFS='-DPACKAGE_NAME=\"\" -DPACKAGE_TARNAME=\"\" -DPACKAGE_VERSION=\"\" -DPACKAGE_STRING=\"\" -DPACKAGE_BUGREPORT=\"\" -DPACKAGE=\"autoconf-lib-link\" -DVERSION=\"0.13.1\" -DSTDC_HEADERS=1 -DHAVE_SYS_TYPES_H=1 -DHAVE_SYS_STAT_H=1 -DHAVE_STDLIB_H=1 -DHAVE_STRING_H=1 -DHAVE_MEMORY_H=1 -DHAVE_STRINGS_H=1 -DHAVE_INTTYPES_H=1 -DHAVE_STDINT_H=1 -DHAVE_UNISTD_H=1 '
DEPDIR='.deps'
DLLTOOL='dlltool'
ECHO='echo'
ECHO_C=''
ECHO_N='-n'
ECHO_T=''
EGREP='grep -E'
EXEEXT='.exe'
F77='g77'
FFLAGS='-g -O2'
GCC='yes'
INSTALL_DATA='${INSTALL} -m 644'
INSTALL_PROGRAM='${INSTALL}'
INSTALL_SCRIPT='${INSTALL}'
INSTALL_STRIP_PROGRAM='${SHELL} $(install_sh) -c -s'
LD='g:/mingw/mingw32/bin/ld.exe'
LDFLAGS=''
LIBOBJS=''
LIBS=''
LIBTOOL='$(SHELL) $(top_builddir)/libtool'
LN_S='ln -s'
LTLIBOBJS=''
MAKEINFO='${SHELL} /gettext-0.13.1/config/missing --run makeinfo'
OBJDUMP='objdump'
OBJEXT='o'
PACKAGE='autoconf-lib-link'
PACKAGE_BUGREPORT=''
PACKAGE_NAME=''
PACKAGE_STRING=''
PACKAGE_TARNAME=''
PACKAGE_VERSION=''
PATH_SEPARATOR=':'
RANLIB='ranlib'
SET_MAKE=''
SHELL='/bin/sh'
STRIP='strip'
VERSION='0.13.1'
ac_ct_AR='ar'
ac_ct_AS='as'
ac_ct_CC='gcc'
ac_ct_CXX='g++'
ac_ct_DLLTOOL='dlltool'
ac_ct_F77='g77'
ac_ct_OBJDUMP='objdump'
ac_ct_RANLIB='ranlib'
ac_ct_STRIP='strip'
aclocaldir='${datadir}/aclocal'
am__fastdepCC_FALSE=''
am__fastdepCC_TRUE='#'
am__fastdepCXX_FALSE=''
am__fastdepCXX_TRUE='#'
am__include='include'
am__leading_dot='.'
am__quote=''
bindir='${exec_prefix}/bin'
build='i686-pc-mingw32'
build_alias=''
build_cpu='i686'
build_os='mingw32'
build_vendor='pc'
datadir='${prefix}/share'
exec_prefix='${prefix}'
host='i686-pc-mingw32'
host_alias=''
host_cpu='i686'
host_os='mingw32'
host_vendor='pc'
includedir='${prefix}/include'
infodir='${prefix}/info'
install_sh='/gettext-0.13.1/config/install-sh'
libdir='${exec_prefix}/lib'
libexecdir='${exec_prefix}/libexec'
localstatedir='${prefix}/var'
mandir='${prefix}/man'
oldincludedir='/usr/include'
prefix='/mingw'
program_transform_name='s,x,x,'
sbindir='${exec_prefix}/sbin'
sharedstatedir='${prefix}/com'
sysconfdir='${prefix}/etc'
target_alias=''
with_gnu_ld='yes'

## ----------- ##
## confdefs.h. ##
## ----------- ##

#define HAVE_INTTYPES_H 1
#define HAVE_MEMORY_H 1
#define HAVE_STDINT_H 1
#define HAVE_STDLIB_H 1
#define HAVE_STRINGS_H 1
#define HAVE_STRING_H 1
#define HAVE_SYS_STAT_H 1
#define HAVE_SYS_TYPES_H 1
#define HAVE_UNISTD_H 1
#define PACKAGE "autoconf-lib-link"
#define PACKAGE_BUGREPORT ""
#define PACKAGE_NAME ""
#define PACKAGE_STRING ""
#define PACKAGE_TARNAME ""
#define PACKAGE_VERSION ""
#define STDC_HEADERS 1
#define VERSION "0.13.1"
#endif
#ifdef __cplusplus
extern "C" void std::exit (int) throw (); using std::exit;

configure: exit 0
