This file contains any messages produced by compilers while
running configure, to aid debugging if configure makes a mistake.

It was created by configure, which was
generated by GNU Autoconf 2.61.  Invocation command line was

  $ ./configure --prefix=/usr/local --enable-extra-encodings --cache-file=/dev/null --srcdir=.

## --------- ##
## Platform. ##
## --------- ##

hostname = vectra.akaneiro.jp
uname -m = i686
uname -r = 2.4.20-46.9.legacy
uname -s = Linux
uname -v = #1 Thu Mar 2 16:11:28 EST 2006

/usr/bin/uname -p = unknown
/bin/uname -X     = unknown

/bin/arch              = i686
/usr/bin/arch -k       = unknown
/usr/convex/getsysinfo = unknown
/usr/bin/hostinfo      = unknown
/bin/machine           = unknown
/usr/bin/oslevel       = unknown
/bin/universe          = unknown

PATH: /usr/kerberos/sbin
PATH: /usr/local/sbin
PATH: /usr/sbin
PATH: /sbin
PATH: /usr/kerberos/bin
PATH: /usr/local/bin
PATH: /bin
PATH: /usr/bin
PATH: /usr/X11R6/bin
PATH: /home/teranisi/bin
PATH: /usr/java/j2sdk1.4.2_18/bin


## ----------- ##
## Core tests. ##
## ----------- ##

configure:1927: checking whether make sets $(MAKE)
configure:1948: result: yes
configure:2009: checking for gcc
configure:2025: found /usr/bin/gcc
configure:2036: result: gcc
configure:2274: checking for C compiler version
configure:2281: gcc --version >&5
gcc (GCC) 3.2.2 20030222 (Red Hat Linux 3.2.2-5)
Copyright (C) 2002 Free Software Foundation, Inc.
This is free software; see the source for copying conditions.  There is NO
warranty; not even for MERCHANTABILITY or FITNESS FOR A PARTICULAR PURPOSE.

configure:2284: $? = 0
configure:2291: gcc -v >&5
Reading specs from /usr/lib/gcc-lib/i386-redhat-linux/3.2.2/specs
Configured with: ../configure --prefix=/usr --mandir=/usr/share/man --infodir=/usr/share/info --enable-shared --enable-threads=posix --disable-checking --with-system-zlib --enable-__cxa_atexit --host=i386-redhat-linux
Thread model: posix
gcc version 3.2.2 20030222 (Red Hat Linux 3.2.2-5)
configure:2294: $? = 0
configure:2301: gcc -V >&5
gcc: argument to `-V' is missing
configure:2304: $? = 1
configure:2327: checking for C compiler default output file name
configure:2354: gcc    conftest.c  >&5
configure:2357: $? = 0
configure:2395: result: a.out
configure:2412: checking whether the C compiler works
configure:2422: ./a.out
configure:2425: $? = 0
configure:2442: result: yes
configure:2449: checking whether we are cross compiling
configure:2451: result: no
configure:2454: checking for suffix of executables
configure:2461: gcc -o conftest    conftest.c  >&5
configure:2464: $? = 0
configure:2488: result: 
configure:2494: checking for suffix of object files
configure:2520: gcc -c   conftest.c >&5
configure:2523: $? = 0
configure:2546: result: o
configure:2550: checking whether we are using the GNU C compiler
configure:2579: gcc -c   conftest.c >&5
configure:2585: $? = 0
configure:2602: result: yes
configure:2607: checking whether gcc accepts -g
configure:2637: gcc -c -g  conftest.c >&5
configure:2643: $? = 0
configure:2742: result: yes
configure:2759: checking for gcc option to accept ISO C89
configure:2833: gcc  -c -g -O2  conftest.c >&5
configure:2839: $? = 0
configure:2862: result: none needed
configure:2885: checking how to run the C preprocessor
configure:2925: gcc -E  conftest.c
configure:2931: $? = 0
configure:2962: gcc -E  conftest.c
conftest.c:8:28: ac_nonexistent.h: No such file or directory
configure:2968: $? = 1
configure: failed program was:
| /* confdefs.h.  */
| #define PACKAGE_NAME ""
| #define PACKAGE_TARNAME ""
| #define PACKAGE_VERSION ""
| #define PACKAGE_STRING ""
| #define PACKAGE_BUGREPORT ""
| /* end confdefs.h.  */
| #include <ac_nonexistent.h>
configure:3001: result: gcc -E
configure:3030: gcc -E  conftest.c
configure:3036: $? = 0
configure:3067: gcc -E  conftest.c
conftest.c:8:28: ac_nonexistent.h: No such file or directory
configure:3073: $? = 1
configure: failed program was:
| /* confdefs.h.  */
| #define PACKAGE_NAME ""
| #define PACKAGE_TARNAME ""
| #define PACKAGE_VERSION ""
| #define PACKAGE_STRING ""
| #define PACKAGE_BUGREPORT ""
| /* end confdefs.h.  */
| #include <ac_nonexistent.h>
configure:3123: checking for a BSD-compatible install
configure:3179: result: /usr/bin/install -c
configure:3198: checking build system type
configure:3216: result: i686-pc-linux-gnu
configure:3238: checking host system type
configure:3253: result: i686-pc-linux-gnu
configure:3278: checking whether to activate relocatable installation
configure:3293: result: no
configure:3332: checking for grep that handles long lines and -e
configure:3406: result: /bin/grep
configure:3411: checking for egrep
configure:3489: result: /bin/grep -E
configure:3495: checking for AIX
configure:3517: result: no
configure:3523: checking for ANSI C header files
configure:3553: gcc -c -g -O2  conftest.c >&5
configure:3559: $? = 0
configure:3655: gcc -o conftest -g -O2   conftest.c  >&5
configure:3658: $? = 0
configure:3664: ./conftest
configure:3667: $? = 0
configure:3684: result: yes
configure:3708: checking for sys/types.h
configure:3729: gcc -c -g -O2  conftest.c >&5
configure:3735: $? = 0
configure:3751: result: yes
configure:3708: checking for sys/stat.h
configure:3729: gcc -c -g -O2  conftest.c >&5
configure:3735: $? = 0
configure:3751: result: yes
configure:3708: checking for stdlib.h
configure:3729: gcc -c -g -O2  conftest.c >&5
configure:3735: $? = 0
configure:3751: result: yes
configure:3708: checking for string.h
configure:3729: gcc -c -g -O2  conftest.c >&5
configure:3735: $? = 0
configure:3751: result: yes
configure:3708: checking for memory.h
configure:3729: gcc -c -g -O2  conftest.c >&5
configure:3735: $? = 0
configure:3751: result: yes
configure:3708: checking for strings.h
configure:3729: gcc -c -g -O2  conftest.c >&5
configure:3735: $? = 0
configure:3751: result: yes
configure:3708: checking for inttypes.h
configure:3729: gcc -c -g -O2  conftest.c >&5
configure:3735: $? = 0
configure:3751: result: yes
configure:3708: checking for stdint.h
configure:3729: gcc -c -g -O2  conftest.c >&5
configure:3735: $? = 0
configure:3751: result: yes
configure:3708: checking for unistd.h
configure:3729: gcc -c -g -O2  conftest.c >&5
configure:3735: $? = 0
configure:3751: result: yes
configure:3773: checking minix/config.h usability
configure:3790: gcc -c -g -O2  conftest.c >&5
conftest.c:52:26: minix/config.h: No such file or directory
configure:3796: $? = 1
configure: failed program was:
| /* confdefs.h.  */
| #define PACKAGE_NAME ""
| #define PACKAGE_TARNAME ""
| #define PACKAGE_VERSION ""
| #define PACKAGE_STRING ""
| #define PACKAGE_BUGREPORT ""
| #define INSTALLPREFIX "/usr/local"
| #define STDC_HEADERS 1
| #define HAVE_SYS_TYPES_H 1
| #define HAVE_SYS_STAT_H 1
| #define HAVE_STDLIB_H 1
| #define HAVE_STRING_H 1
| #define HAVE_MEMORY_H 1
| #define HAVE_STRINGS_H 1
| #define HAVE_INTTYPES_H 1
| #define HAVE_STDINT_H 1
| #define HAVE_UNISTD_H 1
| /* end confdefs.h.  */
| #include <stdio.h>
| #ifdef HAVE_SYS_TYPES_H
| # include <sys/types.h>
| #endif
| #ifdef HAVE_SYS_STAT_H
| # include <sys/stat.h>
| #endif
| #ifdef STDC_HEADERS
| # include <stdlib.h>
| # include <stddef.h>
| #else
| # ifdef HAVE_STDLIB_H
| #  include <stdlib.h>
| # endif
| #endif
| #ifdef HAVE_STRING_H
| # if !defined STDC_HEADERS && defined HAVE_MEMORY_H
| #  include <memory.h>
| # endif
| # include <string.h>
| #endif
| #ifdef HAVE_STRINGS_H
| # include <strings.h>
| #endif
| #ifdef HAVE_INTTYPES_H
| # include <inttypes.h>
| #endif
| #ifdef HAVE_STDINT_H
| # include <stdint.h>
| #endif
| #ifdef HAVE_UNISTD_H
| # include <unistd.h>
| #endif
| #include <minix/config.h>
configure:3810: result: no
configure:3814: checking minix/config.h presence
configure:3829: gcc -E  conftest.c
conftest.c:19:26: minix/config.h: No such file or directory
configure:3835: $? = 1
configure: failed program was:
| /* confdefs.h.  */
| #define PACKAGE_NAME ""
| #define PACKAGE_TARNAME ""
| #define PACKAGE_VERSION ""
| #define PACKAGE_STRING ""
| #define PACKAGE_BUGREPORT ""
| #define INSTALLPREFIX "/usr/local"
| #define STDC_HEADERS 1
| #define HAVE_SYS_TYPES_H 1
| #define HAVE_SYS_STAT_H 1
| #define HAVE_STDLIB_H 1
| #define HAVE_STRING_H 1
| #define HAVE_MEMORY_H 1
| #define HAVE_STRINGS_H 1
| #define HAVE_INTTYPES_H 1
| #define HAVE_STDINT_H 1
| #define HAVE_UNISTD_H 1
| /* end confdefs.h.  */
| #include <minix/config.h>
configure:3849: result: no
configure:3877: checking for minix/config.h
configure:3884: result: no
configure:3993: checking for a sed that does not truncate output
configure:4049: result: /bin/sed
configure:4063: checking for ld used by gcc
configure:4130: result: /usr/bin/ld
configure:4139: checking if the linker (/usr/bin/ld) is GNU ld
configure:4154: result: yes
configure:4159: checking for /usr/bin/ld option to reload object files
configure:4166: result: -r
configure:4184: checking for BSD-compatible nm
configure:4233: result: /usr/bin/nm -B
configure:4237: checking whether ln -s works
configure:4241: result: yes
configure:4248: checking how to recognize dependent libraries
configure:4434: result: pass_all
configure:4972: checking dlfcn.h usability
configure:4989: gcc -c -g -O2  conftest.c >&5
configure:4995: $? = 0
configure:5009: result: yes
configure:5013: checking dlfcn.h presence
configure:5028: gcc -E  conftest.c
configure:5034: $? = 0
configure:5048: result: yes
configure:5076: checking for dlfcn.h
configure:5084: result: yes
configure:5155: checking for g++
configure:5171: found /usr/bin/g++
configure:5182: result: g++
configure:5213: checking for C++ compiler version
configure:5220: g++ --version >&5
g++ (GCC) 3.2.2 20030222 (Red Hat Linux 3.2.2-5)
Copyright (C) 2002 Free Software Foundation, Inc.
This is free software; see the source for copying conditions.  There is NO
warranty; not even for MERCHANTABILITY or FITNESS FOR A PARTICULAR PURPOSE.

configure:5223: $? = 0
configure:5230: g++ -v >&5
Reading specs from /usr/lib/gcc-lib/i386-redhat-linux/3.2.2/specs
Configured with: ../configure --prefix=/usr --mandir=/usr/share/man --infodir=/usr/share/info --enable-shared --enable-threads=posix --disable-checking --with-system-zlib --enable-__cxa_atexit --host=i386-redhat-linux
Thread model: posix
gcc version 3.2.2 20030222 (Red Hat Linux 3.2.2-5)
configure:5233: $? = 0
configure:5240: g++ -V >&5
g++: argument to `-V' missing

configure:5243: $? = 1
configure:5246: checking whether we are using the GNU C++ compiler
configure:5275: g++ -c   conftest.cpp >&5
configure:5281: $? = 0
configure:5298: result: yes
configure:5303: checking whether g++ accepts -g
configure:5333: g++ -c -g  conftest.cpp >&5
configure:5339: $? = 0
configure:5438: result: yes
configure:5471: checking how to run the C++ preprocessor
configure:5507: g++ -E  conftest.cpp
configure:5513: $? = 0
configure:5544: g++ -E  conftest.cpp
conftest.cpp:20:28: ac_nonexistent.h: No such file or directory
configure:5550: $? = 1
configure: failed program was:
| /* confdefs.h.  */
| #define PACKAGE_NAME ""
| #define PACKAGE_TARNAME ""
| #define PACKAGE_VERSION ""
| #define PACKAGE_STRING ""
| #define PACKAGE_BUGREPORT ""
| #define INSTALLPREFIX "/usr/local"
| #define STDC_HEADERS 1
| #define HAVE_SYS_TYPES_H 1
| #define HAVE_SYS_STAT_H 1
| #define HAVE_STDLIB_H 1
| #define HAVE_STRING_H 1
| #define HAVE_MEMORY_H 1
| #define HAVE_STRINGS_H 1
| #define HAVE_INTTYPES_H 1
| #define HAVE_STDINT_H 1
| #define HAVE_UNISTD_H 1
| #define HAVE_DLFCN_H 1
| /* end confdefs.h.  */
| #include <ac_nonexistent.h>
configure:5583: result: g++ -E
configure:5612: g++ -E  conftest.cpp
configure:5618: $? = 0
configure:5649: g++ -E  conftest.cpp
conftest.cpp:20:28: ac_nonexistent.h: No such file or directory
configure:5655: $? = 1
configure: failed program was:
| /* confdefs.h.  */
| #define PACKAGE_NAME ""
| #define PACKAGE_TARNAME ""
| #define PACKAGE_VERSION ""
| #define PACKAGE_STRING ""
| #define PACKAGE_BUGREPORT ""
| #define INSTALLPREFIX "/usr/local"
| #define STDC_HEADERS 1
| #define HAVE_SYS_TYPES_H 1
| #define HAVE_SYS_STAT_H 1
| #define HAVE_STDLIB_H 1
| #define HAVE_STRING_H 1
| #define HAVE_MEMORY_H 1
| #define HAVE_STRINGS_H 1
| #define HAVE_INTTYPES_H 1
| #define HAVE_STDINT_H 1
| #define HAVE_UNISTD_H 1
| #define HAVE_DLFCN_H 1
| /* end confdefs.h.  */
| #include <ac_nonexistent.h>
configure:5748: checking for g77
configure:5764: found /usr/bin/g77
configure:5775: result: g77
configure:5805: checking for Fortran 77 compiler version
configure:5812: g77 --version >&5
GNU Fortran (GCC 3.2.2 20030222 (Red Hat Linux 3.2.2-5)) 3.2.2 20030222 (Red Hat Linux 3.2.2-5)
Copyright (C) 2002 Free Software Foundation, Inc.

GNU Fortran comes with NO WARRANTY, to the extent permitted by law.
You may redistribute copies of GNU Fortran
under the terms of the GNU General Public License.
For more information about these matters, see the file named COPYING
or type the command `info -f g77 Copying'.
configure:5815: $? = 0
configure:5822: g77 -v >&5
Reading specs from /usr/lib/gcc-lib/i386-redhat-linux/3.2.2/specs
Configured with: ../configure --prefix=/usr --mandir=/usr/share/man --infodir=/usr/share/info --enable-shared --enable-threads=posix --disable-checking --with-system-zlib --enable-__cxa_atexit --host=i386-redhat-linux
Thread model: posix
gcc version 3.2.2 20030222 (Red Hat Linux 3.2.2-5)
configure:5825: $? = 0
configure:5832: g77 -V >&5
g77: argument to `-V' missing
configure:5835: $? = 1
configure:5843: checking whether we are using the GNU Fortran 77 compiler
configure:5862: g77 -c  conftest.F >&5
configure:5868: $? = 0
configure:5885: result: yes
configure:5891: checking whether g77 accepts -g
configure:5908: g77 -c -g conftest.f >&5
configure:5914: $? = 0
configure:5930: result: yes
configure:5960: checking the maximum length of command line arguments
configure:6072: result: 98304
configure:6084: checking command to parse /usr/bin/nm -B output from gcc object
configure:6189: gcc -c -g -O2  conftest.c >&5
configure:6192: $? = 0
configure:6196: /usr/bin/nm -B conftest.o \| sed -n -e 's/^.*[ 	]\([ABCDGIRSTW][ABCDGIRSTW]*\)[ 	][ 	]*\([_A-Za-z][_A-Za-z0-9]*\)$/\1 \2 \2/p' \> conftest.nm
configure:6199: $? = 0
configure:6251: gcc -o conftest -g -O2   conftest.c conftstm.o >&5
configure:6254: $? = 0
configure:6292: result: ok
configure:6296: checking for objdir
configure:6311: result: .libs
configure:6403: checking for ar
configure:6419: found /usr/bin/ar
configure:6430: result: ar
configure:6499: checking for ranlib
configure:6515: found /usr/bin/ranlib
configure:6526: result: ranlib
configure:6595: checking for strip
configure:6611: found /usr/bin/strip
configure:6622: result: strip
configure:6912: checking if gcc supports -fno-rtti -fno-exceptions
configure:6933: gcc -c -g -O2  -fno-rtti -fno-exceptions conftest.c >&5
configure:6937: $? = 0
configure:6947: result: yes
configure:6962: checking for gcc option to produce PIC
configure:7197: result: -fPIC
configure:7205: checking if gcc PIC flag -fPIC works
configure:7226: gcc -c -g -O2  -fPIC -DPIC conftest.c >&5
configure:7230: $? = 0
configure:7240: result: yes
configure:7268: checking if gcc static flag -static works
configure:7296: result: yes
configure:7306: checking if gcc supports -c -o file.o
configure:7330: gcc -c -g -O2  -o out/conftest2.o conftest.c >&5
configure:7334: $? = 0
configure:7353: result: yes
configure:7379: checking whether the gcc linker (/usr/bin/ld) supports shared libraries
configure:8359: result: yes
configure:8380: checking whether -lc should be explicitly linked in
configure:8385: gcc -c -g -O2  conftest.c >&5
configure:8388: $? = 0
configure:8403: gcc -shared conftest.o  -v -Wl,-soname -Wl,conftest -o conftest 2\>\&1 \| grep  -lc  \>/dev/null 2\>\&1
configure:8406: $? = 0
configure:8418: result: no
configure:8426: checking dynamic linker characteristics
configure:9028: result: GNU/Linux ld.so
configure:9037: checking how to hardcode library paths into programs
configure:9062: result: immediate
configure:9076: checking whether stripping libraries is possible
configure:9081: result: yes
configure:9883: checking if libtool supports shared libraries
configure:9885: result: yes
configure:9888: checking whether to build shared libraries
configure:9909: result: yes
configure:9912: checking whether to build static libraries
configure:9916: result: yes
configure:10009: creating libtool
configure:10597: checking for ld used by g++
configure:10664: result: /usr/bin/ld
configure:10673: checking if the linker (/usr/bin/ld) is GNU ld
configure:10688: result: yes
configure:10739: checking whether the g++ linker (/usr/bin/ld) supports shared libraries
configure:11713: result: yes
configure:11735: g++ -c -g -O2  conftest.cpp >&5
configure:11738: $? = 0
configure:11890: checking for g++ option to produce PIC
configure:12174: result: -fPIC
configure:12182: checking if g++ PIC flag -fPIC works
configure:12203: g++ -c -g -O2  -fPIC -DPIC conftest.cpp >&5
configure:12207: $? = 0
configure:12217: result: yes
configure:12245: checking if g++ static flag -static works
configure:12273: result: yes
configure:12283: checking if g++ supports -c -o file.o
configure:12307: g++ -c -g -O2  -o out/conftest2.o conftest.cpp >&5
configure:12311: $? = 0
configure:12330: result: yes
configure:12356: checking whether the g++ linker (/usr/bin/ld) supports shared libraries
configure:12381: result: yes
configure:12448: checking dynamic linker characteristics
configure:12998: result: GNU/Linux ld.so
configure:13007: checking how to hardcode library paths into programs
configure:13032: result: immediate
configure:13566: checking if libtool supports shared libraries
configure:13568: result: yes
configure:13571: checking whether to build shared libraries
configure:13591: result: yes
configure:13594: checking whether to build static libraries
configure:13598: result: yes
configure:13608: checking for g77 option to produce PIC
configure:13843: result: -fPIC
configure:13851: checking if g77 PIC flag -fPIC works
configure:13872: g77 -c -g -O2 -fPIC conftest.f >&5
configure:13876: $? = 0
configure:13886: result: yes
configure:13914: checking if g77 static flag -static works
configure:13942: result: yes
configure:13952: checking if g77 supports -c -o file.o
configure:13976: g77 -c -g -O2 -o out/conftest2.o conftest.f >&5
configure:13980: $? = 0
configure:13999: result: yes
configure:14025: checking whether the g77 linker (/usr/bin/ld) supports shared libraries
configure:14985: result: yes
configure:15052: checking dynamic linker characteristics
configure:15602: result: GNU/Linux ld.so
configure:15611: checking how to hardcode library paths into programs
configure:15636: result: immediate
configure:19218: checking for simple visibility declarations
configure:19250: gcc -c -g -O2 -fvisibility=hidden  conftest.c >&5
cc1: unrecognized option `-fvisibility=hidden'
configure:19256: $? = 1
configure: failed program was:
| /* confdefs.h.  */
| #define PACKAGE_NAME ""
| #define PACKAGE_TARNAME ""
| #define PACKAGE_VERSION ""
| #define PACKAGE_STRING ""
| #define PACKAGE_BUGREPORT ""
| #define INSTALLPREFIX "/usr/local"
| #define STDC_HEADERS 1
| #define HAVE_SYS_TYPES_H 1
| #define HAVE_SYS_STAT_H 1
| #define HAVE_STDLIB_H 1
| #define HAVE_STRING_H 1
| #define HAVE_MEMORY_H 1
| #define HAVE_STRINGS_H 1
| #define HAVE_INTTYPES_H 1
| #define HAVE_STDINT_H 1
| #define HAVE_UNISTD_H 1
| #define HAVE_DLFCN_H 1
| /* end confdefs.h.  */
| extern __attribute__((__visibility__("hidden"))) int hiddenvar;
|          extern __attribute__((__visibility__("default"))) int exportedvar;
|          extern __attribute__((__visibility__("hidden"))) int hiddenfunc (void);
|          extern __attribute__((__visibility__("default"))) int exportedfunc (void);
| int
| main ()
| {
| 
|   ;
|   return 0;
| }
configure:19273: result: no
configure:19291: checking for nl_langinfo and CODESET
configure:19317: gcc -o conftest -g -O2   conftest.c  >&5
configure:19323: $? = 0
configure:19341: result: yes
configure:19352: checking whether we are using the GNU C Library 2.1 or newer
configure:19383: result: yes
configure:19393: checking for setlocale
configure:19449: gcc -o conftest -g -O2   conftest.c  >&5
configure:19455: $? = 0
configure:19473: result: yes
configure:19592: creating ./config.status

## ---------------------- ##
## Running config.status. ##
## ---------------------- ##

This file was extended by config.status, which was
generated by GNU Autoconf 2.61.  Invocation command line was

  CONFIG_FILES    = 
  CONFIG_HEADERS  = 
  CONFIG_LINKS    = 
  CONFIG_COMMANDS = 
  $ ./config.status 

on vectra.akaneiro.jp

config.status:630: creating Makefile
config.status:630: creating lib/Makefile
config.status:630: creating include/localcharset.h
config.status:630: creating include/localcharset.h.inst
config.status:630: creating config.h

## ---------------- ##
## Cache variables. ##
## ---------------- ##

ac_cv_build=i686-pc-linux-gnu
ac_cv_c_compiler_gnu=yes
ac_cv_cxx_compiler_gnu=yes
ac_cv_env_CCC_set=
ac_cv_env_CCC_value=
ac_cv_env_CC_set=
ac_cv_env_CC_value=
ac_cv_env_CFLAGS_set=
ac_cv_env_CFLAGS_value=
ac_cv_env_CPPFLAGS_set=
ac_cv_env_CPPFLAGS_value=
ac_cv_env_CPP_set=
ac_cv_env_CPP_value=
ac_cv_env_CXXCPP_set=
ac_cv_env_CXXCPP_value=
ac_cv_env_CXXFLAGS_set=
ac_cv_env_CXXFLAGS_value=
ac_cv_env_CXX_set=
ac_cv_env_CXX_value=
ac_cv_env_F77_set=
ac_cv_env_F77_value=
ac_cv_env_FFLAGS_set=
ac_cv_env_FFLAGS_value=
ac_cv_env_LDFLAGS_set=
ac_cv_env_LDFLAGS_value=
ac_cv_env_LIBS_set=
ac_cv_env_LIBS_value=
ac_cv_env_build_alias_set=
ac_cv_env_build_alias_value=
ac_cv_env_host_alias_set=
ac_cv_env_host_alias_value=
ac_cv_env_target_alias_set=
ac_cv_env_target_alias_value=
ac_cv_f77_compiler_gnu=yes
ac_cv_func_setlocale=yes
ac_cv_gnu_library_2_1=yes
ac_cv_header_dlfcn_h=yes
ac_cv_header_inttypes_h=yes
ac_cv_header_memory_h=yes
ac_cv_header_minix_config_h=no
ac_cv_header_stdc=yes
ac_cv_header_stdint_h=yes
ac_cv_header_stdlib_h=yes
ac_cv_header_string_h=yes
ac_cv_header_strings_h=yes
ac_cv_header_sys_stat_h=yes
ac_cv_header_sys_types_h=yes
ac_cv_header_unistd_h=yes
ac_cv_host=i686-pc-linux-gnu
ac_cv_objext=o
ac_cv_path_EGREP='/bin/grep -E'
ac_cv_path_GREP=/bin/grep
ac_cv_path_install='/usr/bin/install -c'
ac_cv_prog_CPP='gcc -E'
ac_cv_prog_CXXCPP='g++ -E'
ac_cv_prog_ac_ct_AR=ar
ac_cv_prog_ac_ct_CC=gcc
ac_cv_prog_ac_ct_CXX=g++
ac_cv_prog_ac_ct_F77=g77
ac_cv_prog_ac_ct_RANLIB=ranlib
ac_cv_prog_ac_ct_STRIP=strip
ac_cv_prog_cc_c89=
ac_cv_prog_cc_g=yes
ac_cv_prog_cxx_g=yes
ac_cv_prog_f77_g=yes
ac_cv_prog_make_make_set=yes
am_cv_langinfo_codeset=yes
gl_cv_cc_visibility=no
lt_cv_deplibs_check_method=pass_all
lt_cv_file_magic_cmd='$MAGIC_CMD'
lt_cv_file_magic_test_file=
lt_cv_ld_reload_flag=-r
lt_cv_objdir=.libs
lt_cv_path_LD=/usr/bin/ld
lt_cv_path_LDCXX=/usr/bin/ld
lt_cv_path_NM='/usr/bin/nm -B'
lt_cv_path_SED=/bin/sed
lt_cv_prog_compiler_c_o=yes
lt_cv_prog_compiler_c_o_CXX=yes
lt_cv_prog_compiler_c_o_F77=yes
lt_cv_prog_compiler_rtti_exceptions=yes
lt_cv_prog_gnu_ld=yes
lt_cv_prog_gnu_ldcxx=yes
lt_cv_sys_global_symbol_pipe='sed -n -e '\''s/^.*[ 	]\([ABCDGIRSTW][ABCDGIRSTW]*\)[ 	][ 	]*\([_A-Za-z][_A-Za-z0-9]*\)$/\1 \2 \2/p'\'''
lt_cv_sys_global_symbol_to_c_name_address='sed -n -e '\''s/^: \([^ ]*\) $/  {\"\1\", (lt_ptr) 0},/p'\'' -e '\''s/^[BCDEGRST] \([^ ]*\) \([^ ]*\)$/  {"\2", (lt_ptr) \&\2},/p'\'''
lt_cv_sys_global_symbol_to_cdecl='sed -n -e '\''s/^. .* \(.*\)$/extern int \1;/p'\'''
lt_cv_sys_max_cmd_len=98304
lt_lt_cv_prog_compiler_c_o='"yes"'
lt_lt_cv_prog_compiler_c_o_CXX='"yes"'
lt_lt_cv_prog_compiler_c_o_F77='"yes"'
lt_lt_cv_sys_global_symbol_pipe='"sed -n -e '\''s/^.*[ 	]\\([ABCDGIRSTW][ABCDGIRSTW]*\\)[ 	][ 	]*\\([_A-Za-z][_A-Za-z0-9]*\\)\$/\\1 \\2 \\2/p'\''"'
lt_lt_cv_sys_global_symbol_to_c_name_address='"sed -n -e '\''s/^: \\([^ ]*\\) \$/  {\\\"\\1\\\", (lt_ptr) 0},/p'\'' -e '\''s/^[BCDEGRST] \\([^ ]*\\) \\([^ ]*\\)\$/  {\"\\2\", (lt_ptr) \\&\\2},/p'\''"'
lt_lt_cv_sys_global_symbol_to_cdecl='"sed -n -e '\''s/^. .* \\(.*\\)\$/extern int \\1;/p'\''"'

## ----------------- ##
## Output variables. ##
## ----------------- ##

AR='ar'
AS='as'
CC='gcc'
CFLAGS='-g -O2'
CFLAG_VISIBILITY=''
CPP='gcc -E'
CPPFLAGS=''
CXX='g++'
CXXCPP='g++ -E'
CXXFLAGS='-g -O2'
DEFS='-DHAVE_CONFIG_H'
DLLTOOL='dlltool'
ECHO='echo'
ECHO_C=''
ECHO_N='-n'
ECHO_T=''
EGREP='/bin/grep -E'
EXEEXT=''
F77='g77'
FFLAGS='-g -O2'
GLIBC21='yes'
GREP='/bin/grep'
HAVE_VISIBILITY='0'
INSTALL_DATA='${INSTALL} -m 644'
INSTALL_PROGRAM='${INSTALL}'
INSTALL_SCRIPT='${INSTALL}'
LDFLAGS=''
LIBOBJS=''
LIBS=''
LIBTOOL='$(SHELL) $(top_builddir)/libtool'
LN_S='ln -s'
LTLIBOBJS=''
OBJDUMP='objdump'
OBJEXT='o'
PACKAGE=''
PACKAGE_BUGREPORT=''
PACKAGE_NAME=''
PACKAGE_STRING=''
PACKAGE_TARNAME=''
PACKAGE_VERSION=''
PATH_SEPARATOR=':'
RANLIB='ranlib'
RELOCATABLE='no'
SED='/bin/sed'
SET_MAKE=''
SHELL='/bin/sh'
STRIP='strip'
VERSION=''
ac_ct_CC='gcc'
ac_ct_CXX='g++'
ac_ct_F77='g77'
bindir='${exec_prefix}/bin'
build='i686-pc-linux-gnu'
build_alias=''
build_cpu='i686'
build_os='linux-gnu'
build_vendor='pc'
datadir='${datarootdir}'
datarootdir='${prefix}/share'
docdir='${datarootdir}/doc/${PACKAGE}'
dvidir='${docdir}'
exec_prefix='${prefix}'
host='i686-pc-linux-gnu'
host_alias=''
host_cpu='i686'
host_os='linux-gnu'
host_vendor='pc'
htmldir='${docdir}'
includedir='${prefix}/include'
infodir='${datarootdir}/info'
libdir='${exec_prefix}/lib'
libexecdir='${exec_prefix}/libexec'
localedir='${datarootdir}/locale'
localstatedir='${prefix}/var'
mandir='${datarootdir}/man'
oldincludedir='/usr/include'
pdfdir='${docdir}'
prefix='/usr/local'
program_transform_name='s,x,x,'
psdir='${docdir}'
sbindir='${exec_prefix}/sbin'
sharedstatedir='${prefix}/com'
sysconfdir='${prefix}/etc'
target_alias=''

## ----------- ##
## confdefs.h. ##
## ----------- ##

#define PACKAGE_NAME ""
#define PACKAGE_TARNAME ""
#define PACKAGE_VERSION ""
#define PACKAGE_STRING ""
#define PACKAGE_BUGREPORT ""
#define INSTALLPREFIX "/usr/local"
#define STDC_HEADERS 1
#define HAVE_SYS_TYPES_H 1
#define HAVE_SYS_STAT_H 1
#define HAVE_STDLIB_H 1
#define HAVE_STRING_H 1
#define HAVE_MEMORY_H 1
#define HAVE_STRINGS_H 1
#define HAVE_INTTYPES_H 1
#define HAVE_STDINT_H 1
#define HAVE_UNISTD_H 1
#define HAVE_DLFCN_H 1
#define HAVE_VISIBILITY 0
#define HAVE_LANGINFO_CODESET 1
#define HAVE_SETLOCALE 1

configure: exit 0
